{"/home/usuario/ull-esit-inf-dsi-22-23-prct06-generics-solid-Eva-Martinez/src/ejercicio-1/documentales.ts":{"path":"/home/usuario/ull-esit-inf-dsi-22-23-prct06-generics-solid-Eva-Martinez/src/ejercicio-1/documentales.ts","statementMap":{"0":{"start":{"line":2,"column":0},"end":{"line":2,"column":62}},"1":{"start":{"line":3,"column":0},"end":{"line":3,"column":30}},"2":{"start":{"line":20,"column":8},"end":{"line":20,"column":28}},"3":{"start":{"line":21,"column":8},"end":{"line":21,"column":26}},"4":{"start":{"line":22,"column":8},"end":{"line":22,"column":34}},"5":{"start":{"line":23,"column":8},"end":{"line":23,"column":30}},"6":{"start":{"line":29,"column":8},"end":{"line":29,"column":27}},"7":{"start":{"line":35,"column":8},"end":{"line":35,"column":28}},"8":{"start":{"line":41,"column":8},"end":{"line":41,"column":26}},"9":{"start":{"line":47,"column":8},"end":{"line":47,"column":26}},"10":{"start":{"line":53,"column":8},"end":{"line":53,"column":30}},"11":{"start":{"line":59,"column":8},"end":{"line":59,"column":34}},"12":{"start":{"line":65,"column":8},"end":{"line":65,"column":28}},"13":{"start":{"line":71,"column":8},"end":{"line":71,"column":30}},"14":{"start":{"line":74,"column":0},"end":{"line":74,"column":36}}},"fnMap":{"0":{"name":"(anonymous_0)","decl":{"start":{"line":19,"column":4},"end":{"line":19,"column":5}},"loc":{"start":{"line":19,"column":47},"end":{"line":24,"column":5}},"line":19},"1":{"name":"(anonymous_1)","decl":{"start":{"line":28,"column":4},"end":{"line":28,"column":5}},"loc":{"start":{"line":28,"column":16},"end":{"line":30,"column":5}},"line":28},"2":{"name":"(anonymous_2)","decl":{"start":{"line":34,"column":4},"end":{"line":34,"column":5}},"loc":{"start":{"line":34,"column":21},"end":{"line":36,"column":5}},"line":34},"3":{"name":"(anonymous_3)","decl":{"start":{"line":40,"column":4},"end":{"line":40,"column":5}},"loc":{"start":{"line":40,"column":15},"end":{"line":42,"column":5}},"line":40},"4":{"name":"(anonymous_4)","decl":{"start":{"line":46,"column":4},"end":{"line":46,"column":5}},"loc":{"start":{"line":46,"column":19},"end":{"line":48,"column":5}},"line":46},"5":{"name":"(anonymous_5)","decl":{"start":{"line":52,"column":4},"end":{"line":52,"column":5}},"loc":{"start":{"line":52,"column":19},"end":{"line":54,"column":5}},"line":52},"6":{"name":"(anonymous_6)","decl":{"start":{"line":58,"column":4},"end":{"line":58,"column":5}},"loc":{"start":{"line":58,"column":27},"end":{"line":60,"column":5}},"line":58},"7":{"name":"(anonymous_7)","decl":{"start":{"line":64,"column":4},"end":{"line":64,"column":5}},"loc":{"start":{"line":64,"column":17},"end":{"line":66,"column":5}},"line":64},"8":{"name":"(anonymous_8)","decl":{"start":{"line":70,"column":4},"end":{"line":70,"column":5}},"loc":{"start":{"line":70,"column":23},"end":{"line":72,"column":5}},"line":70}},"branchMap":{},"s":{"0":1,"1":1,"2":2,"3":2,"4":2,"5":2,"6":2,"7":1,"8":2,"9":1,"10":2,"11":1,"12":2,"13":1,"14":1},"f":{"0":2,"1":2,"2":1,"3":2,"4":1,"5":2,"6":1,"7":2,"8":1},"b":{},"inputSourceMap":{"version":3,"file":"/home/usuario/ull-esit-inf-dsi-22-23-prct06-generics-solid-Eva-Martinez/src/ejercicio-1/documentales.ts","sources":["/home/usuario/ull-esit-inf-dsi-22-23-prct06-generics-solid-Eva-Martinez/src/ejercicio-1/documentales.ts"],"names":[],"mappings":";;;AAAA;;GAEG;AACH,MAAa,YAAY;IACf,MAAM,CAAS;IACf,KAAK,CAAS;IACd,SAAS,CAAS;IAClB,OAAO,CAAS;IAExB;;;;;;OAMG;IACH,YAAY,KAAa,EAAE,IAAY,EAAE,QAAgB,EAAE,MAAc;QACvE,IAAI,CAAC,MAAM,GAAG,KAAK,CAAC;QACpB,IAAI,CAAC,KAAK,GAAG,IAAI,CAAC;QAClB,IAAI,CAAC,SAAS,GAAG,QAAQ,CAAC;QAC1B,IAAI,CAAC,OAAO,GAAG,MAAM,CAAC;IACxB,CAAC;IAED;;OAEG;IACH,IAAI,KAAK;QACP,OAAO,IAAI,CAAC,MAAM,CAAC;IACrB,CAAC;IAED;;OAEG;IACH,IAAI,KAAK,CAAC,KAAa;QACrB,IAAI,CAAC,MAAM,GAAG,KAAK,CAAC;IACtB,CAAC;IAED;;OAEG;IACH,IAAI,IAAI;QACN,OAAO,IAAI,CAAC,KAAK,CAAC;IACpB,CAAC;IAED;;OAEG;IACH,IAAI,IAAI,CAAC,IAAY;QACnB,IAAI,CAAC,KAAK,GAAG,IAAI,CAAC;IACpB,CAAC;IAED;;OAEG;IACH,IAAI,QAAQ;QACV,OAAO,IAAI,CAAC,SAAS,CAAC;IACxB,CAAC;IAED;;OAEG;IACH,IAAI,QAAQ,CAAC,QAAgB;QAC3B,IAAI,CAAC,SAAS,GAAG,QAAQ,CAAC;IAC5B,CAAC;IAED;;OAEG;IACH,IAAI,MAAM;QACR,OAAO,IAAI,CAAC,OAAO,CAAC;IACtB,CAAC;IAED;;OAEG;IACH,IAAI,MAAM,CAAC,MAAc;QACvB,IAAI,CAAC,OAAO,GAAG,MAAM,CAAC;IACxB,CAAC;CACF;AA3ED,oCA2EC","sourcesContent":["/**\n * Clase **Documentales** que contiene atributos privados que describen un documental.\n */\nexport class Documentales{\n  private _title: string;\n  private _year: number;\n  private _duration: number;\n  private _gender: string;\n\n  /**\n   * Constructor de la clase **Documentales**.\n   * @param title Título.\n   * @param year Año.\n   * @param duration Duración.\n   * @param gender Género.\n   */\n  constructor(title: string, year: number, duration: number, gender: string) {\n    this._title = title;\n    this._year = year;\n    this._duration = duration;\n    this._gender = gender;\n  }\n\n  /**\n   * Getter del atributo privado **_title**.\n   */\n  get title() {\n    return this._title;\n  }\n\n  /**\n   * Setter del atributo privado **_title**.\n   */\n  set title(title: string) {\n    this._title = title;\n  }\n\n  /**\n   * Getter del atributo privado **_year**.\n   */\n  get year() {\n    return this._year;\n  }\n\n  /**\n   * Setter del atributo privado **_year**.\n   */\n  set year(year: number) {\n    this._year = year;\n  }\n\n  /**\n   * Getter del atributo privado **_duration**.\n   */\n  get duration() {\n    return this._duration;\n  }\n\n  /**\n   * Setter del atributo privado **_duration**.\n   */\n  set duration(duration: number) {\n    this._duration = duration;\n  }\n\n  /**\n   * Getter del atributo privado **_gender**.\n   */\n  get gender() {\n    return this._gender;\n  }\n\n  /**\n   * Setter del atributo privado **_gender**.\n   */\n  set gender(gender: string) {\n    this._gender = gender;\n  }\n}"]},"_coverageSchema":"1a1c01bbd47fc00a2c39e90264f33305004495a9","hash":"067884f5b66b3597e5be396d9b5bf45cbd56ea22","contentHash":"ff45f035df9aad3208362141a8da8d12a43d101894cd728fb5908c9a1edafac9"},"/home/usuario/ull-esit-inf-dsi-22-23-prct06-generics-solid-Eva-Martinez/src/ejercicio-1/peliculas.ts":{"path":"/home/usuario/ull-esit-inf-dsi-22-23-prct06-generics-solid-Eva-Martinez/src/ejercicio-1/peliculas.ts","statementMap":{"0":{"start":{"line":2,"column":0},"end":{"line":2,"column":62}},"1":{"start":{"line":3,"column":0},"end":{"line":3,"column":27}},"2":{"start":{"line":20,"column":8},"end":{"line":20,"column":28}},"3":{"start":{"line":21,"column":8},"end":{"line":21,"column":26}},"4":{"start":{"line":22,"column":8},"end":{"line":22,"column":34}},"5":{"start":{"line":23,"column":8},"end":{"line":23,"column":30}},"6":{"start":{"line":29,"column":8},"end":{"line":29,"column":27}},"7":{"start":{"line":35,"column":8},"end":{"line":35,"column":28}},"8":{"start":{"line":41,"column":8},"end":{"line":41,"column":26}},"9":{"start":{"line":47,"column":8},"end":{"line":47,"column":26}},"10":{"start":{"line":53,"column":8},"end":{"line":53,"column":30}},"11":{"start":{"line":59,"column":8},"end":{"line":59,"column":34}},"12":{"start":{"line":65,"column":8},"end":{"line":65,"column":28}},"13":{"start":{"line":71,"column":8},"end":{"line":71,"column":30}},"14":{"start":{"line":74,"column":0},"end":{"line":74,"column":30}}},"fnMap":{"0":{"name":"(anonymous_0)","decl":{"start":{"line":19,"column":4},"end":{"line":19,"column":5}},"loc":{"start":{"line":19,"column":47},"end":{"line":24,"column":5}},"line":19},"1":{"name":"(anonymous_1)","decl":{"start":{"line":28,"column":4},"end":{"line":28,"column":5}},"loc":{"start":{"line":28,"column":16},"end":{"line":30,"column":5}},"line":28},"2":{"name":"(anonymous_2)","decl":{"start":{"line":34,"column":4},"end":{"line":34,"column":5}},"loc":{"start":{"line":34,"column":21},"end":{"line":36,"column":5}},"line":34},"3":{"name":"(anonymous_3)","decl":{"start":{"line":40,"column":4},"end":{"line":40,"column":5}},"loc":{"start":{"line":40,"column":15},"end":{"line":42,"column":5}},"line":40},"4":{"name":"(anonymous_4)","decl":{"start":{"line":46,"column":4},"end":{"line":46,"column":5}},"loc":{"start":{"line":46,"column":19},"end":{"line":48,"column":5}},"line":46},"5":{"name":"(anonymous_5)","decl":{"start":{"line":52,"column":4},"end":{"line":52,"column":5}},"loc":{"start":{"line":52,"column":19},"end":{"line":54,"column":5}},"line":52},"6":{"name":"(anonymous_6)","decl":{"start":{"line":58,"column":4},"end":{"line":58,"column":5}},"loc":{"start":{"line":58,"column":27},"end":{"line":60,"column":5}},"line":58},"7":{"name":"(anonymous_7)","decl":{"start":{"line":64,"column":4},"end":{"line":64,"column":5}},"loc":{"start":{"line":64,"column":17},"end":{"line":66,"column":5}},"line":64},"8":{"name":"(anonymous_8)","decl":{"start":{"line":70,"column":4},"end":{"line":70,"column":5}},"loc":{"start":{"line":70,"column":23},"end":{"line":72,"column":5}},"line":70}},"branchMap":{},"s":{"0":1,"1":1,"2":2,"3":2,"4":2,"5":2,"6":2,"7":1,"8":2,"9":1,"10":2,"11":1,"12":2,"13":1,"14":1},"f":{"0":2,"1":2,"2":1,"3":2,"4":1,"5":2,"6":1,"7":2,"8":1},"b":{},"inputSourceMap":{"version":3,"file":"/home/usuario/ull-esit-inf-dsi-22-23-prct06-generics-solid-Eva-Martinez/src/ejercicio-1/peliculas.ts","sources":["/home/usuario/ull-esit-inf-dsi-22-23-prct06-generics-solid-Eva-Martinez/src/ejercicio-1/peliculas.ts"],"names":[],"mappings":";;;AAAA;;GAEG;AACH,MAAa,SAAS;IACZ,MAAM,CAAS;IACf,KAAK,CAAS;IACd,SAAS,CAAS;IAClB,OAAO,CAAS;IAExB;;;;;;OAMG;IACH,YAAY,KAAa,EAAE,IAAY,EAAE,QAAgB,EAAE,MAAc;QACvE,IAAI,CAAC,MAAM,GAAG,KAAK,CAAC;QACpB,IAAI,CAAC,KAAK,GAAG,IAAI,CAAC;QAClB,IAAI,CAAC,SAAS,GAAG,QAAQ,CAAC;QAC1B,IAAI,CAAC,OAAO,GAAG,MAAM,CAAC;IACxB,CAAC;IAED;;OAEG;IACH,IAAI,KAAK;QACP,OAAO,IAAI,CAAC,MAAM,CAAC;IACrB,CAAC;IAED;;OAEG;IACH,IAAI,KAAK,CAAC,KAAa;QACrB,IAAI,CAAC,MAAM,GAAG,KAAK,CAAC;IACtB,CAAC;IAED;;OAEG;IACH,IAAI,IAAI;QACN,OAAO,IAAI,CAAC,KAAK,CAAC;IACpB,CAAC;IAED;;OAEG;IACH,IAAI,IAAI,CAAC,IAAY;QACnB,IAAI,CAAC,KAAK,GAAG,IAAI,CAAC;IACpB,CAAC;IAED;;OAEG;IACH,IAAI,QAAQ;QACV,OAAO,IAAI,CAAC,SAAS,CAAC;IACxB,CAAC;IAED;;OAEG;IACH,IAAI,QAAQ,CAAC,QAAgB;QAC3B,IAAI,CAAC,SAAS,GAAG,QAAQ,CAAC;IAC5B,CAAC;IAED;;OAEG;IACH,IAAI,MAAM;QACR,OAAO,IAAI,CAAC,OAAO,CAAC;IACtB,CAAC;IAED;;OAEG;IACH,IAAI,MAAM,CAAC,MAAc;QACvB,IAAI,CAAC,OAAO,GAAG,MAAM,CAAC;IACxB,CAAC;CACF;AA3ED,8BA2EC","sourcesContent":["/**\n * Clase **Peliculas** que contiene atributos privados que describen una pelicula.\n */\nexport class Peliculas{\n  private _title: string;\n  private _year: number;\n  private _duration: number;\n  private _gender: string;\n\n  /**\n   * Constructor de la clase **Peliculas**.\n   * @param title Título.\n   * @param year Año.\n   * @param duration Duración.\n   * @param gender Género.\n   */\n  constructor(title: string, year: number, duration: number, gender: string) {\n    this._title = title;\n    this._year = year;\n    this._duration = duration;\n    this._gender = gender;\n  }\n\n  /**\n   * Getter del atributo privado **_title**.\n   */\n  get title() {\n    return this._title;\n  }\n\n  /**\n   * Setter del atributo privado **_title**.\n   */\n  set title(title: string) {\n    this._title = title;\n  }\n\n  /**\n   * Getter del atributo privado **_year**.\n   */\n  get year() {\n    return this._year;\n  }\n\n  /**\n   * Setter del atributo privado **_year**.\n   */\n  set year(year: number) {\n    this._year = year;\n  }\n\n  /**\n   * Getter del atributo privado **_duration**.\n   */\n  get duration() {\n    return this._duration;\n  }\n\n  /**\n   * Setter del atributo privado **_duration**.\n   */\n  set duration(duration: number) {\n    this._duration = duration;\n  }\n\n  /**\n   * Getter del atributo privado **_gender**.\n   */\n  get gender() {\n    return this._gender;\n  }\n\n  /**\n   * Setter del atributo privado **_gender**.\n   */\n  set gender(gender: string) {\n    this._gender = gender;\n  }\n}"]},"_coverageSchema":"1a1c01bbd47fc00a2c39e90264f33305004495a9","hash":"94c3ece92b94b2b73ebc8d6be28f88e9da013072","contentHash":"88bca32e3a6f9963667ac21d06426a83cff2341b708e065913c793dc5880114a"},"/home/usuario/ull-esit-inf-dsi-22-23-prct06-generics-solid-Eva-Martinez/src/ejercicio-1/series.ts":{"path":"/home/usuario/ull-esit-inf-dsi-22-23-prct06-generics-solid-Eva-Martinez/src/ejercicio-1/series.ts","statementMap":{"0":{"start":{"line":2,"column":0},"end":{"line":2,"column":62}},"1":{"start":{"line":3,"column":0},"end":{"line":3,"column":24}},"2":{"start":{"line":20,"column":8},"end":{"line":20,"column":28}},"3":{"start":{"line":21,"column":8},"end":{"line":21,"column":26}},"4":{"start":{"line":22,"column":8},"end":{"line":22,"column":34}},"5":{"start":{"line":23,"column":8},"end":{"line":23,"column":30}},"6":{"start":{"line":29,"column":8},"end":{"line":29,"column":27}},"7":{"start":{"line":35,"column":8},"end":{"line":35,"column":28}},"8":{"start":{"line":41,"column":8},"end":{"line":41,"column":26}},"9":{"start":{"line":47,"column":8},"end":{"line":47,"column":26}},"10":{"start":{"line":53,"column":8},"end":{"line":53,"column":30}},"11":{"start":{"line":59,"column":8},"end":{"line":59,"column":34}},"12":{"start":{"line":65,"column":8},"end":{"line":65,"column":28}},"13":{"start":{"line":71,"column":8},"end":{"line":71,"column":30}},"14":{"start":{"line":74,"column":0},"end":{"line":74,"column":24}}},"fnMap":{"0":{"name":"(anonymous_0)","decl":{"start":{"line":19,"column":4},"end":{"line":19,"column":5}},"loc":{"start":{"line":19,"column":47},"end":{"line":24,"column":5}},"line":19},"1":{"name":"(anonymous_1)","decl":{"start":{"line":28,"column":4},"end":{"line":28,"column":5}},"loc":{"start":{"line":28,"column":16},"end":{"line":30,"column":5}},"line":28},"2":{"name":"(anonymous_2)","decl":{"start":{"line":34,"column":4},"end":{"line":34,"column":5}},"loc":{"start":{"line":34,"column":21},"end":{"line":36,"column":5}},"line":34},"3":{"name":"(anonymous_3)","decl":{"start":{"line":40,"column":4},"end":{"line":40,"column":5}},"loc":{"start":{"line":40,"column":15},"end":{"line":42,"column":5}},"line":40},"4":{"name":"(anonymous_4)","decl":{"start":{"line":46,"column":4},"end":{"line":46,"column":5}},"loc":{"start":{"line":46,"column":19},"end":{"line":48,"column":5}},"line":46},"5":{"name":"(anonymous_5)","decl":{"start":{"line":52,"column":4},"end":{"line":52,"column":5}},"loc":{"start":{"line":52,"column":19},"end":{"line":54,"column":5}},"line":52},"6":{"name":"(anonymous_6)","decl":{"start":{"line":58,"column":4},"end":{"line":58,"column":5}},"loc":{"start":{"line":58,"column":27},"end":{"line":60,"column":5}},"line":58},"7":{"name":"(anonymous_7)","decl":{"start":{"line":64,"column":4},"end":{"line":64,"column":5}},"loc":{"start":{"line":64,"column":17},"end":{"line":66,"column":5}},"line":64},"8":{"name":"(anonymous_8)","decl":{"start":{"line":70,"column":4},"end":{"line":70,"column":5}},"loc":{"start":{"line":70,"column":23},"end":{"line":72,"column":5}},"line":70}},"branchMap":{},"s":{"0":1,"1":1,"2":2,"3":2,"4":2,"5":2,"6":2,"7":1,"8":2,"9":1,"10":2,"11":1,"12":2,"13":1,"14":1},"f":{"0":2,"1":2,"2":1,"3":2,"4":1,"5":2,"6":1,"7":2,"8":1},"b":{},"inputSourceMap":{"version":3,"file":"/home/usuario/ull-esit-inf-dsi-22-23-prct06-generics-solid-Eva-Martinez/src/ejercicio-1/series.ts","sources":["/home/usuario/ull-esit-inf-dsi-22-23-prct06-generics-solid-Eva-Martinez/src/ejercicio-1/series.ts"],"names":[],"mappings":";;;AAAA;;GAEG;AACH,MAAa,MAAM;IACT,MAAM,CAAS;IACf,KAAK,CAAS;IACd,SAAS,CAAS;IAClB,OAAO,CAAS;IAExB;;;;;;OAMG;IACH,YAAY,KAAa,EAAE,IAAY,EAAE,QAAgB,EAAE,MAAc;QACvE,IAAI,CAAC,MAAM,GAAG,KAAK,CAAC;QACpB,IAAI,CAAC,KAAK,GAAG,IAAI,CAAC;QAClB,IAAI,CAAC,SAAS,GAAG,QAAQ,CAAC;QAC1B,IAAI,CAAC,OAAO,GAAG,MAAM,CAAC;IACxB,CAAC;IAED;;OAEG;IACH,IAAI,KAAK;QACP,OAAO,IAAI,CAAC,MAAM,CAAC;IACrB,CAAC;IAED;;OAEG;IACH,IAAI,KAAK,CAAC,KAAa;QACrB,IAAI,CAAC,MAAM,GAAG,KAAK,CAAC;IACtB,CAAC;IAED;;OAEG;IACH,IAAI,IAAI;QACN,OAAO,IAAI,CAAC,KAAK,CAAC;IACpB,CAAC;IAED;;OAEG;IACH,IAAI,IAAI,CAAC,IAAY;QACnB,IAAI,CAAC,KAAK,GAAG,IAAI,CAAC;IACpB,CAAC;IAED;;OAEG;IACH,IAAI,QAAQ;QACV,OAAO,IAAI,CAAC,SAAS,CAAC;IACxB,CAAC;IAED;;OAEG;IACH,IAAI,QAAQ,CAAC,QAAgB;QAC3B,IAAI,CAAC,SAAS,GAAG,QAAQ,CAAC;IAC5B,CAAC;IAED;;OAEG;IACH,IAAI,MAAM;QACR,OAAO,IAAI,CAAC,OAAO,CAAC;IACtB,CAAC;IAED;;OAEG;IACH,IAAI,MAAM,CAAC,MAAc;QACvB,IAAI,CAAC,OAAO,GAAG,MAAM,CAAC;IACxB,CAAC;CACF;AA3ED,wBA2EC","sourcesContent":["/**\n * Clase **Series** que contiene atributos privados que describen una serie.\n */\nexport class Series{\n  private _title: string;\n  private _year: number;\n  private _duration: number;\n  private _gender: string;\n\n  /**\n   * Constructor de la clase **Series**.\n   * @param title Título.\n   * @param year Año.\n   * @param duration Duración.\n   * @param gender Género.\n   */  \n  constructor(title: string, year: number, duration: number, gender: string) {\n    this._title = title;\n    this._year = year;\n    this._duration = duration;\n    this._gender = gender;\n  }\n\n  /**\n   * Getter del atributo privado **_title**.\n   */\n  get title() {\n    return this._title;\n  }\n\n  /**\n   * Setter del atributo privado **_title**.\n   */\n  set title(title: string) {\n    this._title = title;\n  }\n\n  /**\n   * Getter del atributo privado **_year**.\n   */\n  get year() {\n    return this._year;\n  }\n\n  /**\n   * Setter del atributo privado **_year**.\n   */\n  set year(year: number) {\n    this._year = year;\n  }\n\n  /**\n   * Getter del atributo privado **_duration**.\n   */\n  get duration() {\n    return this._duration;\n  }\n\n  /**\n   * Setter del atributo privado **_duration**.\n   */\n  set duration(duration: number) {\n    this._duration = duration;\n  }\n\n  /**\n   * Getter del atributo privado **_gender**.\n   */\n  get gender() {\n    return this._gender;\n  }\n\n  /**\n   * Setter del atributo privado **_gender**.\n   */\n  set gender(gender: string) {\n    this._gender = gender;\n  }\n}"]},"_coverageSchema":"1a1c01bbd47fc00a2c39e90264f33305004495a9","hash":"4dbd4aab01cbbfef745555bbc495e71af028f31e","contentHash":"b2ab1d5ed94b9ae9ba2a5f91fb1f26a849f7ca5146effe17861afec5f37f8a7d"},"/home/usuario/ull-esit-inf-dsi-22-23-prct06-generics-solid-Eva-Martinez/src/ejercicio-2/elementList.ts":{"path":"/home/usuario/ull-esit-inf-dsi-22-23-prct06-generics-solid-Eva-Martinez/src/ejercicio-2/elementList.ts","statementMap":{"0":{"start":{"line":2,"column":0},"end":{"line":2,"column":62}},"1":{"start":{"line":3,"column":0},"end":{"line":3,"column":29}},"2":{"start":{"line":14,"column":8},"end":{"line":14,"column":26}},"3":{"start":{"line":20,"column":8},"end":{"line":20,"column":26}},"4":{"start":{"line":26,"column":8},"end":{"line":26,"column":26}},"5":{"start":{"line":34,"column":8},"end":{"line":34,"column":33}},"6":{"start":{"line":41,"column":22},"end":{"line":41,"column":23}},"7":{"start":{"line":42,"column":24},"end":{"line":42,"column":28}},"8":{"start":{"line":43,"column":8},"end":{"line":50,"column":9}},"9":{"start":{"line":44,"column":12},"end":{"line":49,"column":13}},"10":{"start":{"line":45,"column":16},"end":{"line":45,"column":29}},"11":{"start":{"line":48,"column":16},"end":{"line":48,"column":34}},"12":{"start":{"line":51,"column":8},"end":{"line":51,"column":23}},"13":{"start":{"line":60,"column":26},"end":{"line":60,"column":27}},"14":{"start":{"line":61,"column":24},"end":{"line":61,"column":26}},"15":{"start":{"line":62,"column":33},"end":{"line":62,"column":59}},"16":{"start":{"line":63,"column":34},"end":{"line":63,"column":61}},"17":{"start":{"line":64,"column":8},"end":{"line":67,"column":9}},"18":{"start":{"line":64,"column":21},"end":{"line":64,"column":22}},"19":{"start":{"line":65,"column":12},"end":{"line":65,"column":66}},"20":{"start":{"line":66,"column":12},"end":{"line":66,"column":29}},"21":{"start":{"line":68,"column":8},"end":{"line":71,"column":9}},"22":{"start":{"line":68,"column":21},"end":{"line":68,"column":22}},"23":{"start":{"line":69,"column":12},"end":{"line":69,"column":67}},"24":{"start":{"line":70,"column":12},"end":{"line":70,"column":29}},"25":{"start":{"line":72,"column":8},"end":{"line":72,"column":29}},"26":{"start":{"line":73,"column":8},"end":{"line":73,"column":26}},"27":{"start":{"line":81,"column":32},"end":{"line":81,"column":43}},"28":{"start":{"line":83,"column":24},"end":{"line":83,"column":48}},"29":{"start":{"line":84,"column":8},"end":{"line":87,"column":9}},"30":{"start":{"line":84,"column":21},"end":{"line":84,"column":22}},"31":{"start":{"line":85,"column":29},"end":{"line":85,"column":36}},"32":{"start":{"line":86,"column":12},"end":{"line":86,"column":52}},"33":{"start":{"line":88,"column":8},"end":{"line":88,"column":35}},"34":{"start":{"line":89,"column":8},"end":{"line":89,"column":26}},"35":{"start":{"line":96,"column":24},"end":{"line":96,"column":26}},"36":{"start":{"line":97,"column":22},"end":{"line":97,"column":23}},"37":{"start":{"line":98,"column":8},"end":{"line":101,"column":9}},"38":{"start":{"line":98,"column":21},"end":{"line":98,"column":38}},"39":{"start":{"line":99,"column":12},"end":{"line":99,"column":50}},"40":{"start":{"line":100,"column":12},"end":{"line":100,"column":25}},"41":{"start":{"line":102,"column":8},"end":{"line":102,"column":29}},"42":{"start":{"line":103,"column":8},"end":{"line":103,"column":26}},"43":{"start":{"line":112,"column":24},"end":{"line":112,"column":26}},"44":{"start":{"line":113,"column":28},"end":{"line":113,"column":49}},"45":{"start":{"line":114,"column":23},"end":{"line":114,"column":24}},"46":{"start":{"line":115,"column":8},"end":{"line":120,"column":9}},"47":{"start":{"line":115,"column":21},"end":{"line":115,"column":22}},"48":{"start":{"line":116,"column":12},"end":{"line":119,"column":13}},"49":{"start":{"line":117,"column":16},"end":{"line":117,"column":62}},"50":{"start":{"line":118,"column":16},"end":{"line":118,"column":30}},"51":{"start":{"line":121,"column":8},"end":{"line":121,"column":29}},"52":{"start":{"line":122,"column":8},"end":{"line":122,"column":26}},"53":{"start":{"line":131,"column":24},"end":{"line":131,"column":26}},"54":{"start":{"line":132,"column":28},"end":{"line":132,"column":49}},"55":{"start":{"line":133,"column":23},"end":{"line":133,"column":24}},"56":{"start":{"line":134,"column":8},"end":{"line":138,"column":9}},"57":{"start":{"line":134,"column":21},"end":{"line":134,"column":22}},"58":{"start":{"line":135,"column":37},"end":{"line":135,"column":72}},"59":{"start":{"line":136,"column":12},"end":{"line":136,"column":49}},"60":{"start":{"line":137,"column":12},"end":{"line":137,"column":26}},"61":{"start":{"line":139,"column":8},"end":{"line":139,"column":29}},"62":{"start":{"line":140,"column":8},"end":{"line":140,"column":26}},"63":{"start":{"line":150,"column":24},"end":{"line":150,"column":26}},"64":{"start":{"line":151,"column":28},"end":{"line":151,"column":49}},"65":{"start":{"line":152,"column":23},"end":{"line":152,"column":24}},"66":{"start":{"line":153,"column":8},"end":{"line":156,"column":9}},"67":{"start":{"line":153,"column":21},"end":{"line":153,"column":22}},"68":{"start":{"line":154,"column":12},"end":{"line":154,"column":58}},"69":{"start":{"line":155,"column":12},"end":{"line":155,"column":26}},"70":{"start":{"line":157,"column":8},"end":{"line":161,"column":9}},"71":{"start":{"line":157,"column":21},"end":{"line":157,"column":38}},"72":{"start":{"line":158,"column":37},"end":{"line":158,"column":72}},"73":{"start":{"line":159,"column":12},"end":{"line":159,"column":49}},"74":{"start":{"line":160,"column":12},"end":{"line":160,"column":26}},"75":{"start":{"line":162,"column":8},"end":{"line":162,"column":29}},"76":{"start":{"line":163,"column":8},"end":{"line":163,"column":26}},"77":{"start":{"line":172,"column":24},"end":{"line":172,"column":26}},"78":{"start":{"line":173,"column":28},"end":{"line":173,"column":49}},"79":{"start":{"line":174,"column":23},"end":{"line":174,"column":24}},"80":{"start":{"line":175,"column":8},"end":{"line":179,"column":9}},"81":{"start":{"line":175,"column":21},"end":{"line":175,"column":22}},"82":{"start":{"line":176,"column":37},"end":{"line":176,"column":72}},"83":{"start":{"line":177,"column":12},"end":{"line":177,"column":49}},"84":{"start":{"line":178,"column":12},"end":{"line":178,"column":26}},"85":{"start":{"line":180,"column":8},"end":{"line":180,"column":29}},"86":{"start":{"line":181,"column":8},"end":{"line":181,"column":26}},"87":{"start":{"line":184,"column":0},"end":{"line":184,"column":34}}},"fnMap":{"0":{"name":"(anonymous_0)","decl":{"start":{"line":13,"column":4},"end":{"line":13,"column":5}},"loc":{"start":{"line":13,"column":22},"end":{"line":15,"column":5}},"line":13},"1":{"name":"(anonymous_1)","decl":{"start":{"line":19,"column":4},"end":{"line":19,"column":5}},"loc":{"start":{"line":19,"column":15},"end":{"line":21,"column":5}},"line":19},"2":{"name":"(anonymous_2)","decl":{"start":{"line":25,"column":4},"end":{"line":25,"column":5}},"loc":{"start":{"line":25,"column":19},"end":{"line":27,"column":5}},"line":25},"3":{"name":"(anonymous_3)","decl":{"start":{"line":33,"column":4},"end":{"line":33,"column":5}},"loc":{"start":{"line":33,"column":22},"end":{"line":35,"column":5}},"line":33},"4":{"name":"(anonymous_4)","decl":{"start":{"line":40,"column":4},"end":{"line":40,"column":5}},"loc":{"start":{"line":40,"column":13},"end":{"line":52,"column":5}},"line":40},"5":{"name":"(anonymous_5)","decl":{"start":{"line":59,"column":4},"end":{"line":59,"column":5}},"loc":{"start":{"line":59,"column":34},"end":{"line":74,"column":5}},"line":59},"6":{"name":"(anonymous_6)","decl":{"start":{"line":80,"column":4},"end":{"line":80,"column":5}},"loc":{"start":{"line":80,"column":25},"end":{"line":90,"column":5}},"line":80},"7":{"name":"(anonymous_7)","decl":{"start":{"line":95,"column":4},"end":{"line":95,"column":5}},"loc":{"start":{"line":95,"column":14},"end":{"line":104,"column":5}},"line":95},"8":{"name":"(anonymous_8)","decl":{"start":{"line":111,"column":4},"end":{"line":111,"column":5}},"loc":{"start":{"line":111,"column":27},"end":{"line":123,"column":5}},"line":111},"9":{"name":"(anonymous_9)","decl":{"start":{"line":130,"column":4},"end":{"line":130,"column":5}},"loc":{"start":{"line":130,"column":24},"end":{"line":141,"column":5}},"line":130},"10":{"name":"(anonymous_10)","decl":{"start":{"line":149,"column":4},"end":{"line":149,"column":5}},"loc":{"start":{"line":149,"column":46},"end":{"line":164,"column":5}},"line":149},"11":{"name":"(anonymous_11)","decl":{"start":{"line":171,"column":4},"end":{"line":171,"column":5}},"loc":{"start":{"line":171,"column":28},"end":{"line":182,"column":5}},"line":171}},"branchMap":{"0":{"loc":{"start":{"line":44,"column":12},"end":{"line":49,"column":13}},"type":"if","locations":[{"start":{"line":44,"column":12},"end":{"line":49,"column":13}},{"start":{"line":44,"column":12},"end":{"line":49,"column":13}}],"line":44},"1":{"loc":{"start":{"line":116,"column":12},"end":{"line":119,"column":13}},"type":"if","locations":[{"start":{"line":116,"column":12},"end":{"line":119,"column":13}},{"start":{"line":116,"column":12},"end":{"line":119,"column":13}}],"line":116}},"s":{"0":1,"1":1,"2":14,"3":11,"4":1,"5":63,"6":59,"7":59,"8":59,"9":451,"10":392,"11":59,"12":59,"13":3,"14":3,"15":3,"16":3,"17":3,"18":3,"19":21,"20":21,"21":3,"22":3,"23":7,"24":7,"25":3,"26":3,"27":1,"28":1,"29":1,"30":1,"31":2,"32":2,"33":1,"34":1,"35":1,"36":1,"37":1,"38":1,"39":11,"40":11,"41":1,"42":1,"43":1,"44":1,"45":1,"46":1,"47":1,"48":11,"49":3,"50":3,"51":1,"52":1,"53":1,"54":1,"55":1,"56":1,"57":1,"58":3,"59":3,"60":3,"61":1,"62":1,"63":1,"64":1,"65":1,"66":1,"67":1,"68":1,"69":1,"70":1,"71":1,"72":2,"73":2,"74":2,"75":1,"76":1,"77":1,"78":1,"79":1,"80":1,"81":1,"82":3,"83":3,"84":3,"85":1,"86":1,"87":1},"f":{"0":14,"1":11,"2":1,"3":63,"4":59,"5":3,"6":1,"7":1,"8":1,"9":1,"10":1,"11":1},"b":{"0":[392,59],"1":[3,8]},"inputSourceMap":{"version":3,"file":"/home/usuario/ull-esit-inf-dsi-22-23-prct06-generics-solid-Eva-Martinez/src/ejercicio-2/elementList.ts","sources":["/home/usuario/ull-esit-inf-dsi-22-23-prct06-generics-solid-Eva-Martinez/src/ejercicio-2/elementList.ts"],"names":[],"mappings":";;;AAAA;;GAEG;AACH,MAAa,WAAW;IACd,KAAK,CAAM;IAEnB;;;OAGG;IACH,YAAa,IAAS;QACpB,IAAI,CAAC,KAAK,GAAG,IAAI,CAAC;IACpB,CAAC;IAED;;OAEG;IACH,IAAI,IAAI;QACN,OAAO,IAAI,CAAC,KAAK,CAAC;IACpB,CAAC;IAED;;OAEG;IACH,IAAI,IAAI,CAAC,IAAS;QAChB,IAAI,CAAC,KAAK,GAAG,IAAI,CAAC;IACpB,CAAC;IAED;;;;OAIG;IACH,UAAU,CAAC,KAAa;QACtB,OAAO,IAAI,CAAC,KAAK,CAAC,KAAK,CAAC,CAAC;IAC3B,CAAC;IAED;;;OAGG;IACH,MAAM;QACJ,IAAI,OAAO,GAAG,CAAC,CAAC;QAChB,IAAI,SAAS,GAAG,IAAI,CAAC;QACrB,OAAO,SAAS,EAAE;YAChB,IAAI,IAAI,CAAC,KAAK,CAAC,OAAO,CAAC,IAAI,SAAS,EAAE;gBACpC,OAAO,IAAI,CAAC,CAAC;aACd;iBAAM;gBACL,SAAS,GAAG,KAAK,CAAC;aACnB;SACF;QACD,OAAO,OAAO,CAAC;IACjB,CAAC;IAED;;;;;OAKG;IACH,MAAM,CAAC,SAAc,EAAE,UAAe;QACpC,IAAI,WAAW,GAAG,CAAC,CAAC;QACpB,MAAM,OAAO,GAAQ,EAAE,CAAC;QACxB,MAAM,gBAAgB,GAAG,IAAI,WAAW,CAAC,SAAS,CAAC,CAAC;QACpD,MAAM,iBAAiB,GAAG,IAAI,WAAW,CAAC,UAAU,CAAC,CAAC;QACtD,KAAK,IAAI,CAAC,GAAG,CAAC,EAAE,CAAC,GAAG,gBAAgB,CAAC,MAAM,EAAE,EAAE,CAAC,EAAE,EAAE;YAClD,OAAO,CAAC,WAAW,CAAC,GAAG,gBAAgB,CAAC,UAAU,CAAC,CAAC,CAAC,CAAC;YACtD,WAAW,IAAI,CAAC,CAAC;SAClB;QACD,KAAK,IAAI,CAAC,GAAG,CAAC,EAAE,CAAC,GAAG,iBAAiB,CAAC,MAAM,EAAE,EAAE,CAAC,EAAE,EAAE;YACnD,OAAO,CAAC,WAAW,CAAC,GAAG,iBAAiB,CAAC,UAAU,CAAC,CAAC,CAAC,CAAC;YACvD,WAAW,IAAI,CAAC,CAAC;SAClB;QACD,IAAI,CAAC,KAAK,GAAG,OAAO,CAAC;QACrB,OAAO,IAAI,CAAC,KAAK,CAAC;IACpB,CAAC;IAED;;;;OAIG;IACH,WAAW,CAAC,GAAG,IAAW;QACxB,MAAM,eAAe,GAAG,IAAI,CAAC,MAAM,CAAC;QACpC,8CAA8C;QAC9C,MAAM,OAAO,GAAG,IAAI,WAAW,CAAC,IAAI,CAAC,CAAC,CAAC,CAAC,CAAC;QACzC,KAAK,IAAI,CAAC,GAAG,CAAC,EAAE,CAAC,GAAG,eAAe,EAAE,CAAC,EAAE,EAAE;YACxC,MAAM,QAAQ,GAAG,IAAI,CAAC,CAAC,CAAC,CAAC;YACzB,OAAO,CAAC,MAAM,CAAC,OAAO,CAAC,KAAK,EAAE,QAAQ,CAAC,CAAC;SACzC;QACD,IAAI,CAAC,KAAK,GAAG,OAAO,CAAC,KAAK,CAAC;QAC3B,OAAO,IAAI,CAAC,KAAK,CAAC;IACpB,CAAC;IAED;;;OAGG;IACH,OAAO;QACL,MAAM,OAAO,GAAQ,EAAE,CAAC;QACxB,IAAI,OAAO,GAAG,CAAC,CAAC;QAChB,KAAK,IAAI,CAAC,GAAG,IAAI,CAAC,MAAM,EAAE,GAAG,CAAC,EAAE,CAAC,IAAI,CAAC,EAAE,CAAC,EAAE,EAAE;YAC3C,OAAO,CAAC,OAAO,CAAC,GAAG,IAAI,CAAC,UAAU,CAAC,CAAC,CAAC,CAAC;YACtC,OAAO,IAAI,CAAC,CAAC;SACd;QACD,IAAI,CAAC,KAAK,GAAG,OAAO,CAAC;QACrB,OAAO,IAAI,CAAC,KAAK,CAAC;IACpB,CAAC;IAED;;;;;OAKG;IACH,MAAM,CAAC,IAAS,EAAE,QAA0C;QAC1D,MAAM,OAAO,GAAQ,EAAE,CAAC;QACxB,MAAM,WAAW,GAAG,IAAI,WAAW,CAAC,IAAI,CAAC,CAAC;QAC1C,IAAI,QAAQ,GAAG,CAAC,CAAC;QACjB,KAAK,IAAI,CAAC,GAAG,CAAC,EAAE,CAAC,GAAG,WAAW,CAAC,MAAM,EAAE,EAAE,CAAC,EAAE,EAAE;YAC7C,IAAI,QAAQ,CAAC,WAAW,CAAC,UAAU,CAAC,CAAC,CAAC,CAAC,EAAE;gBACvC,OAAO,CAAC,QAAQ,CAAC,GAAG,WAAW,CAAC,UAAU,CAAC,CAAC,CAAC,CAAC;gBAC9C,QAAQ,IAAI,CAAC,CAAC;aACf;SACF;QACD,IAAI,CAAC,KAAK,GAAG,OAAO,CAAC;QACrB,OAAO,IAAI,CAAC,KAAK,CAAC;IACpB,CAAC;IAED;;;;;OAKG;IACH,GAAG,CAAC,IAAS,EAAE,QAAoC;QACjD,MAAM,OAAO,GAAQ,EAAE,CAAC;QACxB,MAAM,WAAW,GAAG,IAAI,WAAW,CAAC,IAAI,CAAC,CAAC;QAC1C,IAAI,QAAQ,GAAG,CAAC,CAAC;QACjB,KAAK,IAAI,CAAC,GAAG,CAAC,EAAE,CAAC,GAAG,WAAW,CAAC,MAAM,EAAE,EAAE,CAAC,EAAE,EAAE;YAC7C,MAAM,gBAAgB,GAAG,QAAQ,CAAC,WAAW,CAAC,UAAU,CAAC,CAAC,CAAC,CAAC,CAAC;YAC7D,OAAO,CAAC,QAAQ,CAAC,GAAG,gBAAgB,CAAC;YACrC,QAAQ,IAAI,CAAC,CAAC;SACf;QACD,IAAI,CAAC,KAAK,GAAG,OAAO,CAAC;QACrB,OAAO,IAAI,CAAC,KAAK,CAAC;IACpB,CAAC;IAED;;;;;;OAMG;IACH,MAAM,CAAC,IAAS,EAAE,QAAoC,EAAE,iBAAyB;QAC/E,MAAM,OAAO,GAAQ,EAAE,CAAC;QACxB,MAAM,WAAW,GAAG,IAAI,WAAW,CAAC,IAAI,CAAC,CAAC;QAC1C,IAAI,QAAQ,GAAG,CAAC,CAAC;QACjB,KAAK,IAAI,CAAC,GAAG,CAAC,EAAE,CAAC,GAAG,iBAAiB,EAAE,CAAC,EAAE,EAAE;YAC1C,OAAO,CAAC,QAAQ,CAAC,GAAG,WAAW,CAAC,UAAU,CAAC,CAAC,CAAC,CAAC;YAC9C,QAAQ,IAAI,CAAC,CAAC;SACf;QACD,KAAK,IAAI,CAAC,GAAG,iBAAiB,EAAE,CAAC,GAAG,WAAW,CAAC,MAAM,EAAE,EAAE,CAAC,EAAE,EAAE;YAC7D,MAAM,gBAAgB,GAAG,QAAQ,CAAC,WAAW,CAAC,UAAU,CAAC,CAAC,CAAC,CAAC,CAAC;YAC7D,OAAO,CAAC,QAAQ,CAAC,GAAG,gBAAgB,CAAC;YACrC,QAAQ,IAAI,CAAC,CAAC;SACf;QACD,IAAI,CAAC,KAAK,GAAG,OAAO,CAAC;QACrB,OAAO,IAAI,CAAC,KAAK,CAAC;IACpB,CAAC;IAED;;;;;OAKG;IACH,OAAO,CAAC,IAAS,EAAE,QAAoC;QACrD,MAAM,OAAO,GAAQ,EAAE,CAAC;QACxB,MAAM,WAAW,GAAG,IAAI,WAAW,CAAC,IAAI,CAAC,CAAC;QAC1C,IAAI,QAAQ,GAAG,CAAC,CAAC;QACjB,KAAK,IAAI,CAAC,GAAG,CAAC,EAAE,CAAC,GAAG,WAAW,CAAC,MAAM,EAAE,EAAE,CAAC,EAAE,EAAE;YAC7C,MAAM,gBAAgB,GAAG,QAAQ,CAAC,WAAW,CAAC,UAAU,CAAC,CAAC,CAAC,CAAC,CAAC;YAC7D,OAAO,CAAC,QAAQ,CAAC,GAAG,gBAAgB,CAAC;YACrC,QAAQ,IAAI,CAAC,CAAC;SACf;QACD,IAAI,CAAC,KAAK,GAAG,OAAO,CAAC;QACrB,OAAO,IAAI,CAAC,KAAK,CAAC;IACpB,CAAC;CACF;AA3LD,kCA2LC","sourcesContent":["/**\n * Clase ElementList que implementa métodos similares a **Array.prototype**.\n */\nexport class ElementList<T> {\n  private _list: T[];\n\n  /**\n   * Constructor de la clase **ElementList<T>**.\n   * @param list Lista a declarar.\n   */\n  constructor (list: T[]) {\n    this._list = list;\n  }\n\n  /**\n   * Getter del atributo privado *_list*.\n   */\n  get list() {\n    return this._list;\n  }\n\n  /**\n   * Setter del atributo privado *_list*.\n   */\n  set list(list: T[]) {\n    this._list = list;\n  }\n\n  /**\n   * Método que retorna un elemento de la lista según *index*.\n   * @param index Índice en la lista del elemento a retornar.\n   * @returns Elemento de la lista en el índice *index*.\n   */\n  getElement(index: number) {\n    return this._list[index];\n  }\n\n  /**\n   * Método que retorna la longitud de la lista.\n   * @returns Longitud de la lista.\n   */\n  length() {\n    let counter = 0;\n    let condition = true;\n    while (condition) {\n      if (this._list[counter] != undefined) {\n        counter += 1;\n      } else {\n        condition = false;\n      }\n    }\n    return counter;\n  }\n\n  /**\n   * Método que retorna la lista resultante de la unión de dos listas.\n   * @param firstList Primera lista a unir.\n   * @param secondList Segunda lista a unir.\n   * @returns Lista resultante de la unión de *firstList* y *secondList*\n   */\n  append(firstList: T[], secondList: T[]) {\n    let lastElement = 0;\n    const newList: T[] = [];\n    const firstListElement = new ElementList(firstList);\n    const secondListElement = new ElementList(secondList);\n    for (let i = 0; i < firstListElement.length(); i++) {\n      newList[lastElement] = firstListElement.getElement(i);\n      lastElement += 1;\n    }\n    for (let i = 0; i < secondListElement.length(); i++) {\n      newList[lastElement] = secondListElement.getElement(i);\n      lastElement += 1;\n    }\n    this._list = newList;\n    return this._list;\n  }\n\n  /**\n   * Método que concatena un número de listas variable.\n   * @param args Listas a concatenar.\n   * @returns Lista resultante de la concatenación de las listas *args*.\n   */\n  concatenate(...args: T[][]) {\n    const numberArguments = args.length;\n    // eslint-disable-next-line prefer-rest-params\n    const newList = new ElementList(args[0]);\n    for (let i = 1; i < numberArguments; i++) {\n      const argument = args[i];\n      newList.append(newList._list, argument);\n    }\n    this._list = newList._list;\n    return this._list;\n  }\n\n  /**\n   * Método que retorna la lista invocante invertida.\n   * @returns Lista invocante invertida.\n   */\n  reverse() {\n    const newList: T[] = [];\n    let counter = 0;\n    for (let i = this.length() - 1; i >= 0; i--) {\n      newList[counter] = this.getElement(i);\n      counter += 1;\n    }\n    this._list = newList;\n    return this._list;\n  }\n \n  /**\n   * Método que filtra una lista según el predicado lógico insertado. \n   * @param list Lista a analizar.\n   * @param callback Perdicado lógico a utilizar.\n   * @returns Lista con los elementos aceptados por el predicado lógico *callback* de la lista *list*.\n   */\n  filter(list: T[], callback: (logicalPredicate: T) => boolean) {\n    const newList: T[] = [];\n    const listElement = new ElementList(list);\n    let position = 0;\n    for (let i = 0; i < listElement.length(); i++) {\n      if (callback(listElement.getElement(i))) {\n        newList[position] = listElement.getElement(i);\n        position += 1;\n      }\n    }\n    this._list = newList;\n    return this._list;\n  }\n\n  /**\n   * Método que opera sobre todos los elementos de la lista según la función instanciada.\n   * @param list Lista a operar.\n   * @param callback Función a utilizar.\n   * @returns Lista con los elementos de *list* operados por la función *callback*.\n   */\n  map(list: T[], callback: (functionInserted: T) => T) {\n    const newList: T[] = [];\n    const listElement = new ElementList(list);\n    let position = 0;\n    for (let i = 0; i < listElement.length(); i++) {\n      const resultOfFunction = callback(listElement.getElement(i));\n      newList[position] = resultOfFunction;\n      position += 1;\n    }\n    this._list = newList;\n    return this._list;\n  }\n\n  /**\n   * Método que opera desde una posición específica de una lista en adelante según una función.\n   * @param list Lista a operar.\n   * @param callback Función a utilizar.\n   * @param initialAcumulator Posición inicial sobre la que operar.\n   * @returns Lista *list* operada por la función *callback* desde una posición específica *initialAcumulator* en adelante.\n   */\n  reduce(list: T[], callback: (functionInserted: T) => T, initialAcumulator: number) {\n    const newList: T[] = [];\n    const listElement = new ElementList(list);\n    let position = 0;\n    for (let i = 0; i < initialAcumulator; i++) {\n      newList[position] = listElement.getElement(i);\n      position += 1;\n    }\n    for (let i = initialAcumulator; i < listElement.length(); i++) {\n      const resultOfFunction = callback(listElement.getElement(i));\n      newList[position] = resultOfFunction;\n      position += 1;\n    }\n    this._list = newList;\n    return this._list;\n  }\n\n  /**\n   * Método que llama una función sobre cada uno de los elementos de una lista.\n   * @param list Lista a operar.\n   * @param callback Función a utilizar.\n   * @returns Lista *list* operada según la función *callback*.\n   */\n  forEach(list: T[], callback: (functionInserted: T) => T) {\n    const newList: T[] = [];\n    const listElement = new ElementList(list);\n    let position = 0;\n    for (let i = 0; i < listElement.length(); i++) {\n      const resultOfFunction = callback(listElement.getElement(i));\n      newList[position] = resultOfFunction;\n      position += 1;\n    }\n    this._list = newList;\n    return this._list;\n  }\n}"]},"_coverageSchema":"1a1c01bbd47fc00a2c39e90264f33305004495a9","hash":"509f2eecde3c361b298cc32cc555f2b6715eac30","contentHash":"f4cc77d9ed1f847552adda608273a342ed2b4637c5ce369db86d051a03f496b8"},"/home/usuario/ull-esit-inf-dsi-22-23-prct06-generics-solid-Eva-Martinez/src/ejercicio-3/clase-bibliotecaMusical.ts":{"path":"/home/usuario/ull-esit-inf-dsi-22-23-prct06-generics-solid-Eva-Martinez/src/ejercicio-3/clase-bibliotecaMusical.ts","statementMap":{"0":{"start":{"line":2,"column":0},"end":{"line":2,"column":62}},"1":{"start":{"line":3,"column":0},"end":{"line":3,"column":35}},"2":{"start":{"line":7,"column":15},"end":{"line":7,"column":37}},"3":{"start":{"line":30,"column":8},"end":{"line":30,"column":34}},"4":{"start":{"line":36,"column":8},"end":{"line":36,"column":30}},"5":{"start":{"line":42,"column":8},"end":{"line":42,"column":34}},"6":{"start":{"line":50,"column":31},"end":{"line":50,"column":32}},"7":{"start":{"line":51,"column":8},"end":{"line":53,"column":9}},"8":{"start":{"line":51,"column":21},"end":{"line":51,"column":22}},"9":{"start":{"line":52,"column":12},"end":{"line":52,"column":34}},"10":{"start":{"line":54,"column":8},"end":{"line":54,"column":32}},"11":{"start":{"line":62,"column":29},"end":{"line":62,"column":30}},"12":{"start":{"line":63,"column":8},"end":{"line":66,"column":9}},"13":{"start":{"line":63,"column":21},"end":{"line":63,"column":22}},"14":{"start":{"line":64,"column":39},"end":{"line":64,"column":57}},"15":{"start":{"line":65,"column":12},"end":{"line":65,"column":58}},"16":{"start":{"line":67,"column":8},"end":{"line":67,"column":30}},"17":{"start":{"line":75,"column":36},"end":{"line":75,"column":37}},"18":{"start":{"line":76,"column":8},"end":{"line":79,"column":9}},"19":{"start":{"line":76,"column":21},"end":{"line":76,"column":22}},"20":{"start":{"line":77,"column":39},"end":{"line":77,"column":57}},"21":{"start":{"line":78,"column":12},"end":{"line":78,"column":78}},"22":{"start":{"line":80,"column":8},"end":{"line":80,"column":37}},"23":{"start":{"line":86,"column":8},"end":{"line":86,"column":93}},"24":{"start":{"line":87,"column":26},"end":{"line":87,"column":28}},"25":{"start":{"line":88,"column":23},"end":{"line":88,"column":31}},"26":{"start":{"line":89,"column":23},"end":{"line":89,"column":64}},"27":{"start":{"line":90,"column":8},"end":{"line":153,"column":9}},"28":{"start":{"line":91,"column":28},"end":{"line":91,"column":86}},"29":{"start":{"line":92,"column":12},"end":{"line":101,"column":13}},"30":{"start":{"line":92,"column":25},"end":{"line":92,"column":26}},"31":{"start":{"line":93,"column":43},"end":{"line":93,"column":74}},"32":{"start":{"line":94,"column":16},"end":{"line":100,"column":17}},"33":{"start":{"line":95,"column":52},"end":{"line":95,"column":54}},"34":{"start":{"line":96,"column":20},"end":{"line":98,"column":21}},"35":{"start":{"line":96,"column":53},"end":{"line":96,"column":54}},"36":{"start":{"line":97,"column":24},"end":{"line":97,"column":126}},"37":{"start":{"line":99,"column":20},"end":{"line":99,"column":125}},"38":{"start":{"line":103,"column":13},"end":{"line":153,"column":9}},"39":{"start":{"line":104,"column":26},"end":{"line":104,"column":82}},"40":{"start":{"line":105,"column":12},"end":{"line":117,"column":13}},"41":{"start":{"line":105,"column":25},"end":{"line":105,"column":26}},"42":{"start":{"line":106,"column":47},"end":{"line":106,"column":75}},"43":{"start":{"line":107,"column":16},"end":{"line":116,"column":17}},"44":{"start":{"line":107,"column":29},"end":{"line":107,"column":30}},"45":{"start":{"line":108,"column":52},"end":{"line":108,"column":97}},"46":{"start":{"line":109,"column":20},"end":{"line":115,"column":21}},"47":{"start":{"line":110,"column":53},"end":{"line":110,"column":55}},"48":{"start":{"line":111,"column":24},"end":{"line":113,"column":25}},"49":{"start":{"line":111,"column":54},"end":{"line":111,"column":55}},"50":{"start":{"line":112,"column":28},"end":{"line":112,"column":145}},"51":{"start":{"line":114,"column":24},"end":{"line":114,"column":144}},"52":{"start":{"line":119,"column":13},"end":{"line":153,"column":9}},"53":{"start":{"line":120,"column":27},"end":{"line":120,"column":84}},"54":{"start":{"line":121,"column":12},"end":{"line":133,"column":13}},"55":{"start":{"line":121,"column":25},"end":{"line":121,"column":26}},"56":{"start":{"line":122,"column":47},"end":{"line":122,"column":75}},"57":{"start":{"line":123,"column":16},"end":{"line":132,"column":17}},"58":{"start":{"line":123,"column":29},"end":{"line":123,"column":30}},"59":{"start":{"line":124,"column":52},"end":{"line":124,"column":97}},"60":{"start":{"line":125,"column":20},"end":{"line":131,"column":21}},"61":{"start":{"line":126,"column":53},"end":{"line":126,"column":55}},"62":{"start":{"line":127,"column":24},"end":{"line":129,"column":25}},"63":{"start":{"line":127,"column":54},"end":{"line":127,"column":55}},"64":{"start":{"line":128,"column":28},"end":{"line":128,"column":145}},"65":{"start":{"line":130,"column":24},"end":{"line":130,"column":144}},"66":{"start":{"line":135,"column":13},"end":{"line":153,"column":9}},"67":{"start":{"line":136,"column":28},"end":{"line":136,"column":86}},"68":{"start":{"line":137,"column":12},"end":{"line":148,"column":13}},"69":{"start":{"line":137,"column":25},"end":{"line":137,"column":26}},"70":{"start":{"line":138,"column":47},"end":{"line":138,"column":75}},"71":{"start":{"line":139,"column":16},"end":{"line":147,"column":17}},"72":{"start":{"line":139,"column":29},"end":{"line":139,"column":30}},"73":{"start":{"line":140,"column":49},"end":{"line":140,"column":97}},"74":{"start":{"line":141,"column":20},"end":{"line":146,"column":21}},"75":{"start":{"line":141,"column":33},"end":{"line":141,"column":34}},"76":{"start":{"line":142,"column":58},"end":{"line":142,"column":96}},"77":{"start":{"line":143,"column":24},"end":{"line":145,"column":25}},"78":{"start":{"line":144,"column":28},"end":{"line":144,"column":217}},"79":{"start":{"line":151,"column":30},"end":{"line":151,"column":56}},"80":{"start":{"line":152,"column":12},"end":{"line":152,"column":35}},"81":{"start":{"line":154,"column":8},"end":{"line":154,"column":33}},"82":{"start":{"line":160,"column":41},"end":{"line":160,"column":43}},"83":{"start":{"line":161,"column":45},"end":{"line":161,"column":47}},"84":{"start":{"line":162,"column":41},"end":{"line":162,"column":43}},"85":{"start":{"line":163,"column":8},"end":{"line":163,"column":23}},"86":{"start":{"line":164,"column":8},"end":{"line":183,"column":9}},"87":{"start":{"line":164,"column":21},"end":{"line":164,"column":22}},"88":{"start":{"line":165,"column":37},"end":{"line":165,"column":53}},"89":{"start":{"line":166,"column":44},"end":{"line":166,"column":46}},"90":{"start":{"line":167,"column":12},"end":{"line":169,"column":13}},"91":{"start":{"line":167,"column":45},"end":{"line":167,"column":46}},"92":{"start":{"line":168,"column":16},"end":{"line":168,"column":118}},"93":{"start":{"line":170,"column":12},"end":{"line":170,"column":145}},"94":{"start":{"line":171,"column":12},"end":{"line":182,"column":13}},"95":{"start":{"line":171,"column":25},"end":{"line":171,"column":26}},"96":{"start":{"line":172,"column":45},"end":{"line":172,"column":89}},"97":{"start":{"line":173,"column":45},"end":{"line":173,"column":47}},"98":{"start":{"line":174,"column":16},"end":{"line":176,"column":17}},"99":{"start":{"line":174,"column":44},"end":{"line":174,"column":45}},"100":{"start":{"line":175,"column":20},"end":{"line":175,"column":111}},"101":{"start":{"line":177,"column":16},"end":{"line":177,"column":141}},"102":{"start":{"line":178,"column":16},"end":{"line":181,"column":17}},"103":{"start":{"line":178,"column":29},"end":{"line":178,"column":30}},"104":{"start":{"line":179,"column":45},"end":{"line":179,"column":78}},"105":{"start":{"line":180,"column":20},"end":{"line":180,"column":202}},"106":{"start":{"line":184,"column":8},"end":{"line":184,"column":34}},"107":{"start":{"line":185,"column":8},"end":{"line":185,"column":48}},"108":{"start":{"line":186,"column":8},"end":{"line":186,"column":38}},"109":{"start":{"line":187,"column":8},"end":{"line":187,"column":52}},"110":{"start":{"line":188,"column":8},"end":{"line":188,"column":35}},"111":{"start":{"line":189,"column":8},"end":{"line":189,"column":48}},"112":{"start":{"line":192,"column":0},"end":{"line":192,"column":46}}},"fnMap":{"0":{"name":"(anonymous_0)","decl":{"start":{"line":29,"column":4},"end":{"line":29,"column":5}},"loc":{"start":{"line":29,"column":26},"end":{"line":31,"column":5}},"line":29},"1":{"name":"(anonymous_1)","decl":{"start":{"line":35,"column":4},"end":{"line":35,"column":5}},"loc":{"start":{"line":35,"column":19},"end":{"line":37,"column":5}},"line":35},"2":{"name":"(anonymous_2)","decl":{"start":{"line":41,"column":4},"end":{"line":41,"column":5}},"loc":{"start":{"line":41,"column":27},"end":{"line":43,"column":5}},"line":41},"3":{"name":"(anonymous_3)","decl":{"start":{"line":49,"column":4},"end":{"line":49,"column":5}},"loc":{"start":{"line":49,"column":30},"end":{"line":55,"column":5}},"line":49},"4":{"name":"(anonymous_4)","decl":{"start":{"line":61,"column":4},"end":{"line":61,"column":5}},"loc":{"start":{"line":61,"column":28},"end":{"line":68,"column":5}},"line":61},"5":{"name":"(anonymous_5)","decl":{"start":{"line":74,"column":4},"end":{"line":74,"column":5}},"loc":{"start":{"line":74,"column":35},"end":{"line":81,"column":5}},"line":74},"6":{"name":"(anonymous_6)","decl":{"start":{"line":85,"column":4},"end":{"line":85,"column":5}},"loc":{"start":{"line":85,"column":13},"end":{"line":155,"column":5}},"line":85},"7":{"name":"(anonymous_7)","decl":{"start":{"line":159,"column":4},"end":{"line":159,"column":5}},"loc":{"start":{"line":159,"column":12},"end":{"line":190,"column":5}},"line":159}},"branchMap":{"0":{"loc":{"start":{"line":90,"column":8},"end":{"line":153,"column":9}},"type":"if","locations":[{"start":{"line":90,"column":8},"end":{"line":153,"column":9}},{"start":{"line":90,"column":8},"end":{"line":153,"column":9}}],"line":90},"1":{"loc":{"start":{"line":94,"column":16},"end":{"line":100,"column":17}},"type":"if","locations":[{"start":{"line":94,"column":16},"end":{"line":100,"column":17}},{"start":{"line":94,"column":16},"end":{"line":100,"column":17}}],"line":94},"2":{"loc":{"start":{"line":103,"column":13},"end":{"line":153,"column":9}},"type":"if","locations":[{"start":{"line":103,"column":13},"end":{"line":153,"column":9}},{"start":{"line":103,"column":13},"end":{"line":153,"column":9}}],"line":103},"3":{"loc":{"start":{"line":109,"column":20},"end":{"line":115,"column":21}},"type":"if","locations":[{"start":{"line":109,"column":20},"end":{"line":115,"column":21}},{"start":{"line":109,"column":20},"end":{"line":115,"column":21}}],"line":109},"4":{"loc":{"start":{"line":119,"column":13},"end":{"line":153,"column":9}},"type":"if","locations":[{"start":{"line":119,"column":13},"end":{"line":153,"column":9}},{"start":{"line":119,"column":13},"end":{"line":153,"column":9}}],"line":119},"5":{"loc":{"start":{"line":125,"column":20},"end":{"line":131,"column":21}},"type":"if","locations":[{"start":{"line":125,"column":20},"end":{"line":131,"column":21}},{"start":{"line":125,"column":20},"end":{"line":131,"column":21}}],"line":125},"6":{"loc":{"start":{"line":135,"column":13},"end":{"line":153,"column":9}},"type":"if","locations":[{"start":{"line":135,"column":13},"end":{"line":153,"column":9}},{"start":{"line":135,"column":13},"end":{"line":153,"column":9}}],"line":135},"7":{"loc":{"start":{"line":143,"column":24},"end":{"line":145,"column":25}},"type":"if","locations":[{"start":{"line":143,"column":24},"end":{"line":145,"column":25}},{"start":{"line":143,"column":24},"end":{"line":145,"column":25}}],"line":143}},"s":{"0":1,"1":1,"2":1,"3":1,"4":2,"5":1,"6":1,"7":1,"8":1,"9":2,"10":1,"11":1,"12":1,"13":1,"14":1,"15":1,"16":1,"17":1,"18":1,"19":1,"20":1,"21":1,"22":1,"23":0,"24":0,"25":0,"26":0,"27":0,"28":0,"29":0,"30":0,"31":0,"32":0,"33":0,"34":0,"35":0,"36":0,"37":0,"38":0,"39":0,"40":0,"41":0,"42":0,"43":0,"44":0,"45":0,"46":0,"47":0,"48":0,"49":0,"50":0,"51":0,"52":0,"53":0,"54":0,"55":0,"56":0,"57":0,"58":0,"59":0,"60":0,"61":0,"62":0,"63":0,"64":0,"65":0,"66":0,"67":0,"68":0,"69":0,"70":0,"71":0,"72":0,"73":0,"74":0,"75":0,"76":0,"77":0,"78":0,"79":0,"80":0,"81":0,"82":0,"83":0,"84":0,"85":0,"86":0,"87":0,"88":0,"89":0,"90":0,"91":0,"92":0,"93":0,"94":0,"95":0,"96":0,"97":0,"98":0,"99":0,"100":0,"101":0,"102":0,"103":0,"104":0,"105":0,"106":0,"107":0,"108":0,"109":0,"110":0,"111":0,"112":1},"f":{"0":1,"1":2,"2":1,"3":1,"4":1,"5":1,"6":0,"7":0},"b":{"0":[0,0],"1":[0,0],"2":[0,0],"3":[0,0],"4":[0,0],"5":[0,0],"6":[0,0],"7":[0,0]},"inputSourceMap":{"version":3,"file":"/home/usuario/ull-esit-inf-dsi-22-23-prct06-generics-solid-Eva-Martinez/src/ejercicio-3/clase-bibliotecaMusical.ts","sources":["/home/usuario/ull-esit-inf-dsi-22-23-prct06-generics-solid-Eva-Martinez/src/ejercicio-3/clase-bibliotecaMusical.ts"],"names":[],"mappings":";;;AAAA;;GAEG;AACH,sCAAsC;AAItC;;;;;;;;;;;;;;GAcG;AACH,MAAa,iBAAiB;IACpB,SAAS,CAAY;IAE7B;;;OAGG;IACH,YAAY,QAAmB;QAC7B,IAAI,CAAC,SAAS,GAAG,QAAQ,CAAC;IAC5B,CAAC;IAED;;OAEG;IACH,IAAI,QAAQ;QACV,OAAO,IAAI,CAAC,SAAS,CAAC;IACxB,CAAC;IAED;;OAEG;IACH,IAAI,QAAQ,CAAC,QAAQ;QACnB,IAAI,CAAC,SAAS,GAAG,QAAQ,CAAC;IAC5B,CAAC;IAED;;;;OAIG;IACH,kBAAkB,CAAC,KAAY;QAC7B,IAAI,gBAAgB,GAAG,CAAC,CAAC;QACzB,KAAK,IAAI,CAAC,GAAG,CAAC,EAAE,CAAC,GAAG,KAAK,CAAC,SAAS,CAAC,MAAM,EAAE,CAAC,EAAE,EAAE;YAC/C,gBAAgB,IAAI,CAAC,CAAC;SACvB;QACD,OAAO,gBAAgB,CAAC;IAC1B,CAAC;IAED;;;;OAIG;IACH,gBAAgB,CAAC,KAAY;QAC3B,IAAI,cAAc,GAAG,CAAC,CAAC;QACvB,KAAK,IAAI,CAAC,GAAG,CAAC,EAAE,CAAC,GAAG,KAAK,CAAC,SAAS,CAAC,MAAM,EAAE,CAAC,EAAE,EAAE;YAC/C,MAAM,kBAAkB,GAAG,KAAK,CAAC,SAAS,CAAC,CAAC,CAAC,CAAC;YAC9C,cAAc,IAAI,kBAAkB,CAAC,QAAQ,CAAC;SAC/C;QACD,OAAO,cAAc,CAAC;IACxB,CAAC;IAED;;;;OAIG;IACH,uBAAuB,CAAC,KAAY;QAClC,IAAI,qBAAqB,GAAG,CAAC,CAAC;QAC9B,KAAK,IAAI,CAAC,GAAG,CAAC,EAAE,CAAC,GAAG,KAAK,CAAC,SAAS,CAAC,MAAM,EAAE,CAAC,EAAE,EAAE;YAC/C,MAAM,kBAAkB,GAAG,KAAK,CAAC,SAAS,CAAC,CAAC,CAAC,CAAC;YAC9C,qBAAqB,IAAI,kBAAkB,CAAC,qBAAqB,CAAC;SACnE;QACD,OAAO,qBAAqB,CAAC;IAC/B,CAAC;IAED;;OAEG;IACH,MAAM;QACJ,OAAO,CAAC,GAAG,CAAC,uEAAuE,CAAC,CAAC;QACrF,MAAM,SAAS,GAAG,EAAE,CAAC;QACrB,MAAM,MAAM,GAAG,MAAM,EAAE,CAAC;QACxB,MAAM,MAAM,GAAG,MAAM,CAAC,iCAAiC,CAAC,CAAC;QACzD,IAAI,MAAM,IAAI,GAAG,EAAE;YACjB,MAAM,OAAO,GAAG,MAAM,CAAC,kDAAkD,CAAC,CAAC;YAC3E,KAAK,IAAI,CAAC,GAAG,CAAC,EAAE,CAAC,GAAG,IAAI,CAAC,QAAQ,CAAC,MAAM,EAAE,CAAC,EAAE,EAAE;gBAC7C,MAAM,kBAAkB,GAAG,IAAI,CAAC,QAAQ,CAAC,CAAC,CAAC,CAAC,cAAc,CAAC;gBAC3D,IAAI,OAAO,IAAI,kBAAkB,EAAE;oBACjC,MAAM,uBAAuB,GAAG,EAAE,CAAC;oBACnC,KAAK,IAAI,qBAAqB,GAAG,CAAC,EAAE,qBAAqB,GAAG,IAAI,CAAC,QAAQ,CAAC,CAAC,CAAC,CAAC,WAAW,CAAC,YAAY,CAAC,MAAM,EAAE,qBAAqB,EAAE,EAAE;wBACrI,uBAAuB,CAAC,IAAI,CAAC,IAAI,CAAC,QAAQ,CAAC,CAAC,CAAC,CAAC,WAAW,CAAC,YAAY,CAAC,qBAAqB,CAAC,CAAC,MAAM,CAAC,CAAC;qBACvG;oBACD,SAAS,CAAC,IAAI,CAAC,CAAC,kBAAkB,EAAE,IAAI,CAAC,QAAQ,CAAC,CAAC,CAAC,CAAC,wBAAwB,EAAE,uBAAuB,CAAC,CAAC,CAAC;iBAC1G;aACF;SACF;aAAM,IAAI,MAAM,IAAI,GAAG,EAAE;YACxB,MAAM,KAAK,GAAG,MAAM,CAAC,gDAAgD,CAAC,CAAC;YACvE,KAAK,IAAI,CAAC,GAAG,CAAC,EAAE,CAAC,GAAG,IAAI,CAAC,QAAQ,CAAC,MAAM,EAAE,CAAC,EAAE,EAAE;gBAC7C,MAAM,sBAAsB,GAAG,IAAI,CAAC,QAAQ,CAAC,CAAC,CAAC,CAAC,WAAW,CAAC;gBAC5D,KAAK,IAAI,CAAC,GAAG,CAAC,EAAE,CAAC,GAAG,sBAAsB,CAAC,YAAY,CAAC,MAAM,EAAE,CAAC,EAAE,EAAE;oBACnE,MAAM,uBAAuB,GAAG,sBAAsB,CAAC,YAAY,CAAC,CAAC,CAAC,CAAC,MAAM,CAAC;oBAC9E,IAAI,KAAK,IAAI,uBAAuB,EAAE;wBACpC,MAAM,oBAAoB,GAAG,EAAE,CAAC;wBAChC,KAAK,IAAI,kBAAkB,GAAG,CAAC,EAAE,kBAAkB,GAAG,sBAAsB,CAAC,YAAY,CAAC,CAAC,CAAC,CAAC,SAAS,CAAC,MAAM,EAAE,kBAAkB,EAAE,EAAE;4BACnI,oBAAoB,CAAC,IAAI,CAAC,IAAI,CAAC,QAAQ,CAAC,CAAC,CAAC,CAAC,WAAW,CAAC,YAAY,CAAC,CAAC,CAAC,CAAC,SAAS,CAAC,kBAAkB,CAAC,CAAC,cAAc,CAAC,CAAC;yBACtH;wBACD,SAAS,CAAC,IAAI,CAAC,CAAC,uBAAuB,EAAE,sBAAsB,CAAC,YAAY,CAAC,CAAC,CAAC,CAAC,eAAe,EAAE,oBAAoB,CAAC,CAAC,CAAC;qBACzH;iBACF;aACF;SACF;aAAM,IAAI,MAAM,IAAI,GAAG,EAAE;YACxB,MAAM,MAAM,GAAG,MAAM,CAAC,iDAAiD,CAAC,CAAC;YACzE,KAAK,IAAI,CAAC,GAAG,CAAC,EAAE,CAAC,GAAG,IAAI,CAAC,QAAQ,CAAC,MAAM,EAAE,CAAC,EAAE,EAAE;gBAC7C,MAAM,sBAAsB,GAAG,IAAI,CAAC,QAAQ,CAAC,CAAC,CAAC,CAAC,WAAW,CAAC;gBAC5D,KAAK,IAAI,CAAC,GAAG,CAAC,EAAE,CAAC,GAAG,sBAAsB,CAAC,YAAY,CAAC,MAAM,EAAE,CAAC,EAAE,EAAE;oBACnE,MAAM,uBAAuB,GAAG,sBAAsB,CAAC,YAAY,CAAC,CAAC,CAAC,CAAC,MAAM,CAAC;oBAC9E,IAAI,MAAM,IAAI,uBAAuB,EAAE;wBACrC,MAAM,oBAAoB,GAAG,EAAE,CAAC;wBAChC,KAAK,IAAI,kBAAkB,GAAG,CAAC,EAAE,kBAAkB,GAAG,sBAAsB,CAAC,YAAY,CAAC,CAAC,CAAC,CAAC,SAAS,CAAC,MAAM,EAAE,kBAAkB,EAAE,EAAE;4BACnI,oBAAoB,CAAC,IAAI,CAAC,IAAI,CAAC,QAAQ,CAAC,CAAC,CAAC,CAAC,WAAW,CAAC,YAAY,CAAC,CAAC,CAAC,CAAC,SAAS,CAAC,kBAAkB,CAAC,CAAC,cAAc,CAAC,CAAC;yBACtH;wBACD,SAAS,CAAC,IAAI,CAAC,CAAC,uBAAuB,EAAE,sBAAsB,CAAC,YAAY,CAAC,CAAC,CAAC,CAAC,eAAe,EAAE,oBAAoB,CAAC,CAAC,CAAC;qBACzH;iBACF;aACF;SACF;aAAM,IAAI,MAAM,IAAI,GAAG,EAAE;YACxB,MAAM,OAAO,GAAG,MAAM,CAAC,kDAAkD,CAAC,CAAC;YAC3E,KAAK,IAAI,CAAC,GAAG,CAAC,EAAE,CAAC,GAAG,IAAI,CAAC,QAAQ,CAAC,MAAM,EAAE,CAAC,EAAE,EAAE;gBAC7C,MAAM,sBAAsB,GAAG,IAAI,CAAC,QAAQ,CAAC,CAAC,CAAC,CAAC,WAAW,CAAC;gBAC5D,KAAK,IAAI,CAAC,GAAG,CAAC,EAAE,CAAC,GAAG,sBAAsB,CAAC,YAAY,CAAC,MAAM,EAAE,CAAC,EAAE,EAAE;oBACnE,MAAM,oBAAoB,GAAG,sBAAsB,CAAC,YAAY,CAAC,CAAC,CAAC,CAAC,SAAS,CAAC;oBAC9E,KAAK,IAAI,CAAC,GAAG,CAAC,EAAE,CAAC,GAAG,oBAAoB,CAAC,MAAM,EAAE,CAAC,EAAE,EAAE;wBACpD,MAAM,yBAAyB,GAAG,oBAAoB,CAAC,CAAC,CAAC,CAAC,cAAc,CAAC;wBACzE,IAAI,OAAO,IAAI,yBAAyB,EAAE;4BACxC,SAAS,CAAC,IAAI,CAAC,CAAC,yBAAyB,EAAE,oBAAoB,CAAC,CAAC,CAAC,CAAC,QAAQ,EAAE,oBAAoB,CAAC,CAAC,CAAC,CAAC,MAAM,EAAE,oBAAoB,CAAC,CAAC,CAAC,CAAC,MAAM,EAAE,oBAAoB,CAAC,CAAC,CAAC,CAAC,qBAAqB,CAAC,CAAC,CAAC;yBAC9L;qBACF;iBACF;aACF;SACF;aAAM;YACL,MAAM,SAAS,GAAG,0BAA0B,CAAC;YAC7C,OAAO,CAAC,GAAG,CAAC,SAAS,CAAC,CAAC;SACxB;QACD,OAAO,CAAC,KAAK,CAAC,SAAS,CAAC,CAAC;IAC3B,CAAC;IAED;;OAEG;IACH,KAAK;QACH,MAAM,wBAAwB,GAAG,EAAE,CAAC;QACpC,MAAM,4BAA4B,GAAG,EAAE,CAAC;QACxC,MAAM,wBAAwB,GAAG,EAAE,CAAC;QACpC,OAAO,CAAC,GAAG,CAAC,CAAC,CAAC,CAAC;QACf,KAAK,IAAI,CAAC,GAAG,CAAC,EAAE,CAAC,GAAG,IAAI,CAAC,QAAQ,CAAC,MAAM,EAAE,CAAC,EAAE,EAAE;YAC7C,MAAM,gBAAgB,GAAG,IAAI,CAAC,QAAQ,CAAC,CAAC,CAAC,CAAC;YAC1C,MAAM,uBAAuB,GAAG,EAAE,CAAC;YACnC,KAAK,IAAI,qBAAqB,GAAG,CAAC,EAAE,qBAAqB,GAAG,gBAAgB,CAAC,WAAW,CAAC,YAAY,CAAC,MAAM,EAAE,qBAAqB,EAAE,EAAE;gBACrI,uBAAuB,CAAC,IAAI,CAAC,gBAAgB,CAAC,WAAW,CAAC,YAAY,CAAC,qBAAqB,CAAC,CAAC,MAAM,CAAC,CAAC;aACvG;YACD,wBAAwB,CAAC,IAAI,CAAC,CAAC,gBAAgB,CAAC,cAAc,EAAE,gBAAgB,CAAC,wBAAwB,EAAE,uBAAuB,CAAC,CAAC,CAAA;YACpI,KAAK,IAAI,CAAC,GAAG,CAAC,EAAE,CAAC,GAAG,gBAAgB,CAAC,WAAW,CAAC,YAAY,CAAC,MAAM,EAAE,CAAC,EAAE,EAAE;gBACzE,MAAM,oBAAoB,GAAG,gBAAgB,CAAC,WAAW,CAAC,YAAY,CAAC,CAAC,CAAC,CAAC;gBAC1E,MAAM,oBAAoB,GAAG,EAAE,CAAC;gBAChC,KAAK,IAAI,gBAAgB,GAAG,CAAC,EAAE,gBAAgB,GAAG,oBAAoB,CAAC,SAAS,CAAC,MAAM,EAAE,gBAAgB,EAAE,EAAE;oBAC3G,oBAAoB,CAAC,IAAI,CAAC,oBAAoB,CAAC,SAAS,CAAC,gBAAgB,CAAC,CAAC,cAAc,CAAC,CAAC;iBAC5F;gBACD,4BAA4B,CAAC,IAAI,CAAC,CAAC,oBAAoB,CAAC,MAAM,EAAE,oBAAoB,CAAC,eAAe,EAAE,oBAAoB,CAAC,CAAC,CAAC;gBAC7H,KAAK,IAAI,CAAC,GAAG,CAAC,EAAE,CAAC,GAAG,oBAAoB,CAAC,SAAS,CAAC,MAAM,EAAE,CAAC,EAAE,EAAE;oBAC9D,MAAM,gBAAgB,GAAG,oBAAoB,CAAC,SAAS,CAAC,CAAC,CAAC,CAAC;oBAC3D,wBAAwB,CAAC,IAAI,CAAC,CAAC,gBAAgB,CAAC,cAAc,EAAE,gBAAgB,CAAC,QAAQ,EAAE,gBAAgB,CAAC,MAAM,EAAE,gBAAgB,CAAC,MAAM,EAAE,gBAAgB,CAAC,qBAAqB,CAAC,CAAC,CAAA;iBACtL;aACF;SACF;QACD,OAAO,CAAC,GAAG,CAAC,YAAY,CAAC,CAAC;QAC1B,OAAO,CAAC,KAAK,CAAC,wBAAwB,CAAC,CAAC;QACxC,OAAO,CAAC,GAAG,CAAC,gBAAgB,CAAC,CAAC;QAC9B,OAAO,CAAC,KAAK,CAAC,4BAA4B,CAAC,CAAC;QAC5C,OAAO,CAAC,GAAG,CAAC,aAAa,CAAC,CAAC;QAC3B,OAAO,CAAC,KAAK,CAAC,wBAAwB,CAAC,CAAC;IAC1C,CAAC;CACF;AA5KD,8CA4KC","sourcesContent":["/**\n * Imports de **Prompt** y de las clases **Disco** y **Artista**.\n */\nimport * as Prompt from 'prompt-sync';\nimport { Artista } from \"./clase-artista\";\nimport { Disco } from \"./clase-disco\";\n\n/**\n * Clase **BibliotecaMusical** que contiene diferentes atributos que describen un serie de artistas:\n * \n * - Artistas: *_artistas*\n * \n * Todos ellos tienen sus respectivos getters y setters.\n * \n * Y a su vez contiene los métodos:\n * \n * - *getNumeroCanciones*\n * - *getDuracionDisco*\n * - *getNumeroReproducciones*\n * - *buscar*\n * - *print*\n */\nexport class BibliotecaMusical {\n  private _artistas: Artista[];\n\n  /**\n   * Constructor de la clase **BibliotecaMusical**.\n   * @param artistas Lista de artistas.\n   */\n  constructor(artistas: Artista[]) {\n    this._artistas = artistas;\n  }\n\n  /**\n   * Getter del atributo privado **_artistas**.\n   */\n  get artistas() {\n    return this._artistas;\n  }\n\n  /**\n   * Setter del atributo privado **_artistas**.\n   */  \n  set artistas(artistas) {\n    this._artistas = artistas;\n  }\n\n  /**\n   * Método que extrae el número de canciones de un disco insertado.\n   * @param disco Disco del que analizar el número de canciones.\n   * @returns Número de canciones de **disco**.\n   */\n  getNumeroCanciones(disco: Disco) {\n    let numero_canciones = 0;\n    for (let i = 0; i < disco.canciones.length; i++) {\n      numero_canciones += 1;\n    }\n    return numero_canciones;\n  }\n\n  /**\n   * Método que extrae la duración de un disco insertado.\n   * @param disco Disco del que extraer la duración.\n   * @returns Duración de **disco**.\n   */\n  getDuracionDisco(disco: Disco) {\n    let duracion_disco = 0;\n    for (let i = 0; i < disco.canciones.length; i++) {\n      const cancion_a_analizar = disco.canciones[i];\n      duracion_disco += cancion_a_analizar.duracion;\n    }\n    return duracion_disco;\n  }\n\n  /**\n   * Método que obtiene el número de reproducciones de un disco insertado.\n   * @param disco Disco del que extraer el número de reproducciones.\n   * @returns Número de reproducciones de **disco**.\n   */\n  getNumeroReproducciones(disco: Disco) {\n    let numero_reproducciones = 0;\n    for (let i = 0; i < disco.canciones.length; i++) {\n      const cancion_a_analizar = disco.canciones[i];\n      numero_reproducciones += cancion_a_analizar.numero_reproducciones;\n    }\n    return numero_reproducciones;\n  }\n\n  /**\n   * Método que realiza una búsqueda según desee el usuario.\n   */\n  buscar() {\n    console.log(\"¿Que desea buscar? -> Artista (A), Disco (D), Single (S), Cancion (C)\");\n    const impresion = [];\n    const prompt = Prompt();\n    const opcion = prompt(\"Inserte su opción de búsqueda: \");\n    if (opcion == \"A\") {\n      const artista = prompt(\"Inserte el nombre del artista que desee buscar: \");\n      for (let i = 0; i < this.artistas.length; i++) {\n        const artista_a_comparar = this.artistas[i].nombre_artista;\n        if (artista == artista_a_comparar) {\n          const discografias_a_imprimir = [];\n          for (let disco_single_iterador = 0; disco_single_iterador < this.artistas[i].discografia.discoOSingle.length; disco_single_iterador++) {\n            discografias_a_imprimir.push(this.artistas[i].discografia.discoOSingle[disco_single_iterador].nombre);\n          }\n          impresion.push([artista_a_comparar, this.artistas[i].numero_oyentes_mensuales, discografias_a_imprimir]);\n        }\n      }\n    } else if (opcion == \"D\") {\n      const disco = prompt(\"Inserte el nombre del disco que desee buscar: \");\n      for (let i = 0; i < this.artistas.length; i++) {\n        const discografia_a_comparar = this.artistas[i].discografia;\n        for (let j = 0; j < discografia_a_comparar.discoOSingle.length; j++) {\n          const nombre_disco_a_comparar = discografia_a_comparar.discoOSingle[j].nombre;\n          if (disco == nombre_disco_a_comparar) {\n            const canciones_a_imprimir = [];\n            for (let canciones_iterador = 0; canciones_iterador < discografia_a_comparar.discoOSingle[j].canciones.length; canciones_iterador++) {\n              canciones_a_imprimir.push(this.artistas[i].discografia.discoOSingle[j].canciones[canciones_iterador].nombre_cancion);\n            }\n            impresion.push([nombre_disco_a_comparar, discografia_a_comparar.discoOSingle[j].año_publicacion, canciones_a_imprimir]);\n          }\n        }\n      }\n    } else if (opcion == \"S\") {\n      const single = prompt(\"Inserte el nombre del single que desee buscar: \");\n      for (let i = 0; i < this.artistas.length; i++) {\n        const discografia_a_comparar = this.artistas[i].discografia;\n        for (let j = 0; j < discografia_a_comparar.discoOSingle.length; j++) {\n          const nombre_disco_a_comparar = discografia_a_comparar.discoOSingle[j].nombre;\n          if (single == nombre_disco_a_comparar) {\n            const canciones_a_imprimir = [];\n            for (let canciones_iterador = 0; canciones_iterador < discografia_a_comparar.discoOSingle[j].canciones.length; canciones_iterador++) {\n              canciones_a_imprimir.push(this.artistas[i].discografia.discoOSingle[j].canciones[canciones_iterador].nombre_cancion);\n            }\n            impresion.push([nombre_disco_a_comparar, discografia_a_comparar.discoOSingle[j].año_publicacion, canciones_a_imprimir]);\n          }\n        }\n      }\n    } else if (opcion == \"C\") {\n      const cancion = prompt(\"Inserte el nombre del cancion que desee buscar: \");\n      for (let i = 0; i < this.artistas.length; i++) {\n        const discografia_a_comparar = this.artistas[i].discografia;\n        for (let j = 0; j < discografia_a_comparar.discoOSingle.length; j++) {\n          const canciones_a_comparar = discografia_a_comparar.discoOSingle[j].canciones;\n          for (let k = 0; k < canciones_a_comparar.length; k++) {\n            const nombre_cancion_a_comparar = canciones_a_comparar[k].nombre_cancion;\n            if (cancion == nombre_cancion_a_comparar) {\n              impresion.push([nombre_cancion_a_comparar, canciones_a_comparar[k].duracion, canciones_a_comparar[k].genero, canciones_a_comparar[k].single, canciones_a_comparar[k].numero_reproducciones]);\n            }\n          }\n        }\n      }\n    } else {\n      const error_msg = \"Error! Opción incorrecta\";\n      console.log(error_msg);\n    }\n    console.table(impresion);\n  }\n\n  /**\n   * Método que imprime el objeto **bibliotecaMusical**.\n   */\n  print() {\n    const cadenas_imprimir_artista = [];\n    const cadenas_imprimir_discografia = [];\n    const cadenas_imprimir_cancion = [];\n    console.log(1);\n    for (let i = 0; i < this.artistas.length; i++) {\n      const artista_imprimir = this.artistas[i];\n      const discografias_a_imprimir = [];\n      for (let disco_single_iterador = 0; disco_single_iterador < artista_imprimir.discografia.discoOSingle.length; disco_single_iterador++) {\n        discografias_a_imprimir.push(artista_imprimir.discografia.discoOSingle[disco_single_iterador].nombre);\n      }\n      cadenas_imprimir_artista.push([artista_imprimir.nombre_artista, artista_imprimir.numero_oyentes_mensuales, discografias_a_imprimir])\n      for (let j = 0; j < artista_imprimir.discografia.discoOSingle.length; j++) {\n        const discografia_imprimir = artista_imprimir.discografia.discoOSingle[j];\n        const canciones_a_imprimir = [];\n        for (let cancion_iterador = 0; cancion_iterador < discografia_imprimir.canciones.length; cancion_iterador++) {\n          canciones_a_imprimir.push(discografia_imprimir.canciones[cancion_iterador].nombre_cancion);\n        }\n        cadenas_imprimir_discografia.push([discografia_imprimir.nombre, discografia_imprimir.año_publicacion, canciones_a_imprimir]);\n        for (let k = 0; k < discografia_imprimir.canciones.length; k++) {\n          const cancion_imprimir = discografia_imprimir.canciones[k];\n          cadenas_imprimir_cancion.push([cancion_imprimir.nombre_cancion, cancion_imprimir.duracion, cancion_imprimir.genero, cancion_imprimir.single, cancion_imprimir.numero_reproducciones])\n        }\n      }\n    }\n    console.log(\"Artistas: \");\n    console.table(cadenas_imprimir_artista);\n    console.log(\"Discografias: \");\n    console.table(cadenas_imprimir_discografia);\n    console.log(\"Canciones: \");\n    console.table(cadenas_imprimir_cancion);\n  }\n}\n"]},"_coverageSchema":"1a1c01bbd47fc00a2c39e90264f33305004495a9","hash":"58371f0e40ed2f32d3e96574194c10424b01a4f6","contentHash":"acdaa198943f77f2e4866fc1df695cfa332f8bcf2ac50126bffaad1f93f352d8"},"/home/usuario/ull-esit-inf-dsi-22-23-prct06-generics-solid-Eva-Martinez/src/ejercicio-3/clase-artista.ts":{"path":"/home/usuario/ull-esit-inf-dsi-22-23-prct06-generics-solid-Eva-Martinez/src/ejercicio-3/clase-artista.ts","statementMap":{"0":{"start":{"line":2,"column":0},"end":{"line":2,"column":62}},"1":{"start":{"line":3,"column":0},"end":{"line":3,"column":25}},"2":{"start":{"line":24,"column":8},"end":{"line":24,"column":46}},"3":{"start":{"line":25,"column":8},"end":{"line":25,"column":66}},"4":{"start":{"line":26,"column":8},"end":{"line":26,"column":40}},"5":{"start":{"line":32,"column":8},"end":{"line":32,"column":36}},"6":{"start":{"line":38,"column":8},"end":{"line":38,"column":46}},"7":{"start":{"line":44,"column":8},"end":{"line":44,"column":46}},"8":{"start":{"line":50,"column":8},"end":{"line":50,"column":66}},"9":{"start":{"line":56,"column":8},"end":{"line":56,"column":33}},"10":{"start":{"line":62,"column":8},"end":{"line":62,"column":40}},"11":{"start":{"line":65,"column":0},"end":{"line":65,"column":26}}},"fnMap":{"0":{"name":"(anonymous_0)","decl":{"start":{"line":23,"column":4},"end":{"line":23,"column":5}},"loc":{"start":{"line":23,"column":71},"end":{"line":27,"column":5}},"line":23},"1":{"name":"(anonymous_1)","decl":{"start":{"line":31,"column":4},"end":{"line":31,"column":5}},"loc":{"start":{"line":31,"column":25},"end":{"line":33,"column":5}},"line":31},"2":{"name":"(anonymous_2)","decl":{"start":{"line":37,"column":4},"end":{"line":37,"column":5}},"loc":{"start":{"line":37,"column":39},"end":{"line":39,"column":5}},"line":37},"3":{"name":"(anonymous_3)","decl":{"start":{"line":43,"column":4},"end":{"line":43,"column":5}},"loc":{"start":{"line":43,"column":35},"end":{"line":45,"column":5}},"line":43},"4":{"name":"(anonymous_4)","decl":{"start":{"line":49,"column":4},"end":{"line":49,"column":5}},"loc":{"start":{"line":49,"column":59},"end":{"line":51,"column":5}},"line":49},"5":{"name":"(anonymous_5)","decl":{"start":{"line":55,"column":4},"end":{"line":55,"column":5}},"loc":{"start":{"line":55,"column":22},"end":{"line":57,"column":5}},"line":55},"6":{"name":"(anonymous_6)","decl":{"start":{"line":61,"column":4},"end":{"line":61,"column":5}},"loc":{"start":{"line":61,"column":33},"end":{"line":63,"column":5}},"line":61}},"branchMap":{},"s":{"0":1,"1":1,"2":2,"3":2,"4":2,"5":2,"6":1,"7":2,"8":1,"9":3,"10":0,"11":1},"f":{"0":2,"1":2,"2":1,"3":2,"4":1,"5":3,"6":0},"b":{},"inputSourceMap":{"version":3,"file":"/home/usuario/ull-esit-inf-dsi-22-23-prct06-generics-solid-Eva-Martinez/src/ejercicio-3/clase-artista.ts","sources":["/home/usuario/ull-esit-inf-dsi-22-23-prct06-generics-solid-Eva-Martinez/src/ejercicio-3/clase-artista.ts"],"names":[],"mappings":";;;AAOA;;;;;;;;GAQG;AACH,MAAa,OAAO;IACV,eAAe,CAAS;IACxB,yBAAyB,CAAS;IACnC,YAAY,CAA4B;IAE/C;;;;;OAKG;IACH,YAAY,cAAsB,EAAE,wBAAgC,EAAE,WAAsC;QAC1G,IAAI,CAAC,eAAe,GAAG,cAAc,CAAC;QACtC,IAAI,CAAC,yBAAyB,GAAG,wBAAwB,CAAC;QAC1D,IAAI,CAAC,YAAY,GAAG,WAAW,CAAC;IAClC,CAAC;IAED;;OAEG;IACH,IAAI,cAAc;QAChB,OAAO,IAAI,CAAC,eAAe,CAAC;IAC9B,CAAC;IAED;;OAEG;IACH,IAAI,cAAc,CAAC,cAAc;QAC/B,IAAI,CAAC,eAAe,GAAG,cAAc,CAAC;IACxC,CAAC;IAED;;OAEG;IACH,IAAI,wBAAwB;QAC1B,OAAO,IAAI,CAAC,yBAAyB,CAAC;IACxC,CAAC;IAED;;OAEG;IACH,IAAI,wBAAwB,CAAC,wBAAwB;QACnD,IAAI,CAAC,yBAAyB,GAAG,wBAAwB,CAAC;IAC5D,CAAC;IAED;;OAEG;IACH,IAAI,WAAW;QACb,OAAO,IAAI,CAAC,YAAY,CAAC;IAC3B,CAAC;IAED;;OAEG;IACH,IAAI,WAAW,CAAC,WAAW;QACzB,IAAI,CAAC,YAAY,GAAG,WAAW,CAAC;IAClC,CAAC;CACF;AA1DD,0BA0DC","sourcesContent":["/**\n * Import de las clases **Disco**, **Single** y **Discografia**.\n */\nimport { Disco } from \"./clase-disco\";\nimport { Single } from \"./clase-single\";\nimport { Discografia } from \"./clase-discografia\";\n\n/**\n * Clase **Artista** que contiene diferentes atributos que describen un artista:\n * \n * - Nombre del artista: *_nombre_artista*\n * - Número de oyentes mensuales: *_numero_oyentes_mensuales*\n * - Discografía: *_discografia*\n * \n * Todos ellos tienen sus respectivos getters y setters.\n */\nexport class Artista {\n  private _nombre_artista: string;\n  private _numero_oyentes_mensuales: number;\n  public _discografia: Discografia<Disco|Single>;\n  \n  /**\n   * Constructor de la clase **Artista**.\n   * @param nombre_artista Nombre del artista.\n   * @param numero_oyentes_mensuales Número de oyentes mensuales del artista.\n   * @param discografia Discografía del artista.\n   */\n  constructor(nombre_artista: string, numero_oyentes_mensuales: number, discografia: Discografia<Disco|Single>) {\n    this._nombre_artista = nombre_artista;\n    this._numero_oyentes_mensuales = numero_oyentes_mensuales;\n    this._discografia = discografia;\n  }\n\n  /**\n   * Getter del atributo privado **_nombre_artista**.\n   */\n  get nombre_artista() {\n    return this._nombre_artista;\n  }\n\n  /**\n   * Setter del atributo privado **_nombre_artista**.\n   */\n  set nombre_artista(nombre_artista) {\n    this._nombre_artista = nombre_artista;\n  }\n\n  /**\n   * Getter del atributo privado **_numero_oyentes_mensuales**.\n   */\n  get numero_oyentes_mensuales() {\n    return this._numero_oyentes_mensuales;\n  }\n\n  /**\n   * Setter del atributo privado **_numero_oyentes_mensuales**.\n   */\n  set numero_oyentes_mensuales(numero_oyentes_mensuales) {\n    this._numero_oyentes_mensuales = numero_oyentes_mensuales;\n  }\n\n  /**\n   * Getter del atributo privado **_discografia**.\n   */\n  get discografia() {\n    return this._discografia;\n  }\n\n  /**\n   * Setter del atributo privado **_discografia**.\n   */\n  set discografia(discografia) {\n    this._discografia = discografia;\n  }\n}\n  "]},"_coverageSchema":"1a1c01bbd47fc00a2c39e90264f33305004495a9","hash":"37fb3a752607fb321294892df065ab41836a64d9","contentHash":"af1265c8f59622753e7efff32bbfc6a0cb1620dd434162e29e8f45c466279cb2"},"/home/usuario/ull-esit-inf-dsi-22-23-prct06-generics-solid-Eva-Martinez/src/ejercicio-3/clase-disco.ts":{"path":"/home/usuario/ull-esit-inf-dsi-22-23-prct06-generics-solid-Eva-Martinez/src/ejercicio-3/clase-disco.ts","statementMap":{"0":{"start":{"line":2,"column":0},"end":{"line":2,"column":62}},"1":{"start":{"line":3,"column":0},"end":{"line":3,"column":23}},"2":{"start":{"line":24,"column":8},"end":{"line":24,"column":30}},"3":{"start":{"line":25,"column":8},"end":{"line":25,"column":48}},"4":{"start":{"line":26,"column":8},"end":{"line":26,"column":36}},"5":{"start":{"line":32,"column":8},"end":{"line":32,"column":28}},"6":{"start":{"line":38,"column":8},"end":{"line":38,"column":30}},"7":{"start":{"line":44,"column":8},"end":{"line":44,"column":37}},"8":{"start":{"line":50,"column":8},"end":{"line":50,"column":48}},"9":{"start":{"line":56,"column":8},"end":{"line":56,"column":31}},"10":{"start":{"line":62,"column":8},"end":{"line":62,"column":36}},"11":{"start":{"line":65,"column":0},"end":{"line":65,"column":22}}},"fnMap":{"0":{"name":"(anonymous_0)","decl":{"start":{"line":23,"column":4},"end":{"line":23,"column":5}},"loc":{"start":{"line":23,"column":52},"end":{"line":27,"column":5}},"line":23},"1":{"name":"(anonymous_1)","decl":{"start":{"line":31,"column":4},"end":{"line":31,"column":5}},"loc":{"start":{"line":31,"column":17},"end":{"line":33,"column":5}},"line":31},"2":{"name":"(anonymous_2)","decl":{"start":{"line":37,"column":4},"end":{"line":37,"column":5}},"loc":{"start":{"line":37,"column":23},"end":{"line":39,"column":5}},"line":37},"3":{"name":"(anonymous_3)","decl":{"start":{"line":43,"column":4},"end":{"line":43,"column":5}},"loc":{"start":{"line":43,"column":26},"end":{"line":45,"column":5}},"line":43},"4":{"name":"(anonymous_4)","decl":{"start":{"line":49,"column":4},"end":{"line":49,"column":5}},"loc":{"start":{"line":49,"column":41},"end":{"line":51,"column":5}},"line":49},"5":{"name":"(anonymous_5)","decl":{"start":{"line":55,"column":4},"end":{"line":55,"column":5}},"loc":{"start":{"line":55,"column":20},"end":{"line":57,"column":5}},"line":55},"6":{"name":"(anonymous_6)","decl":{"start":{"line":61,"column":4},"end":{"line":61,"column":5}},"loc":{"start":{"line":61,"column":29},"end":{"line":63,"column":5}},"line":61}},"branchMap":{},"s":{"0":1,"1":1,"2":3,"3":3,"4":3,"5":2,"6":1,"7":2,"8":1,"9":11,"10":1,"11":1},"f":{"0":3,"1":2,"2":1,"3":2,"4":1,"5":11,"6":1},"b":{},"inputSourceMap":{"version":3,"file":"/home/usuario/ull-esit-inf-dsi-22-23-prct06-generics-solid-Eva-Martinez/src/ejercicio-3/clase-disco.ts","sources":["/home/usuario/ull-esit-inf-dsi-22-23-prct06-generics-solid-Eva-Martinez/src/ejercicio-3/clase-disco.ts"],"names":[],"mappings":";;;AAKA;;;;;;;;GAQG;AACH,MAAa,KAAK;IACR,OAAO,CAAS;IAChB,gBAAgB,CAAS;IACzB,UAAU,CAAY;IAE9B;;;;;OAKG;IACH,YAAY,MAAc,EAAE,eAAuB,EAAE,SAAoB;QACvE,IAAI,CAAC,OAAO,GAAG,MAAM,CAAC;QACtB,IAAI,CAAC,gBAAgB,GAAG,eAAe,CAAC;QACxC,IAAI,CAAC,UAAU,GAAG,SAAS,CAAC;IAC9B,CAAC;IAED;;OAEG;IACH,IAAI,MAAM;QACR,OAAO,IAAI,CAAC,OAAO,CAAC;IACtB,CAAC;IAED;;OAEG;IACH,IAAI,MAAM,CAAC,MAAM;QACf,IAAI,CAAC,OAAO,GAAG,MAAM,CAAC;IACxB,CAAC;IAED;;OAEG;IACH,IAAI,eAAe;QACjB,OAAO,IAAI,CAAC,gBAAgB,CAAC;IAC/B,CAAC;IAED;;OAEG;IACH,IAAI,eAAe,CAAC,eAAe;QACjC,IAAI,CAAC,gBAAgB,GAAG,eAAe,CAAC;IAC1C,CAAC;IAED;;OAEG;IACH,IAAI,SAAS;QACX,OAAO,IAAI,CAAC,UAAU,CAAC;IACzB,CAAC;IAED;;OAEG;IACH,IAAI,SAAS,CAAC,SAAS;QACrB,IAAI,CAAC,UAAU,GAAG,SAAS,CAAC;IAC9B,CAAC;CACF;AA1DD,sBA0DC","sourcesContent":["/**\n * Import de la clase **Cancion**.\n */\nimport { Cancion } from \"./clase-cancion\";\n\n/**\n * Clase **Disco** que contiene diferentes atributos que describen un disco:\n * \n * - Nombre: *_nombre*\n * - Año de publicación: *_año_publicacion*\n * - Canciones: *_canciones*\n * \n * Todos ellos tienen sus respectivos getters y setters.\n */\nexport class Disco {\n  private _nombre: string;\n  private _año_publicacion: number;\n  private _canciones: Cancion[];\n\n  /**\n   * Constructor de la clase **Disco**.\n   * @param nombre Nombre del disco.\n   * @param año_publicacion Año de publicación del disco.\n   * @param canciones Canciones del disco.\n   */\n  constructor(nombre: string, año_publicacion: number, canciones: Cancion[]) {\n    this._nombre = nombre;\n    this._año_publicacion = año_publicacion;\n    this._canciones = canciones;\n  }\n\n  /**\n   * Getter del atributo privado **_nombre**.\n   */\n  get nombre() {\n    return this._nombre;\n  }\n\n  /**\n   * Setter del atributo privado **_nombre**.\n   */\n  set nombre(nombre) {\n    this._nombre = nombre;\n  }\n  \n  /**\n   * Getter del atributo privado **_año_publicacion**.\n   */\n  get año_publicacion() {\n    return this._año_publicacion;\n  }\n\n  /**\n   * Setter del atributo privado **_año_publicacion**.\n   */\n  set año_publicacion(año_publicacion) {\n    this._año_publicacion = año_publicacion;\n  }\n\n  /**\n   * Getter del atributo privado **_canciones**.\n   */\n  get canciones() {\n    return this._canciones;\n  }\n\n  /**\n   * Getter del atributo privado **_canciones**.\n   */\n  set canciones(canciones) {\n    this._canciones = canciones;\n  }\n}"]},"_coverageSchema":"1a1c01bbd47fc00a2c39e90264f33305004495a9","hash":"a138834e910c4573a91533c79c4cf63ae4bcdc55","contentHash":"77ea53319aaf20a67148c72db53e0241699c96334a843ab5980705cdf89e258c"},"/home/usuario/ull-esit-inf-dsi-22-23-prct06-generics-solid-Eva-Martinez/src/ejercicio-3/clase-single.ts":{"path":"/home/usuario/ull-esit-inf-dsi-22-23-prct06-generics-solid-Eva-Martinez/src/ejercicio-3/clase-single.ts","statementMap":{"0":{"start":{"line":2,"column":0},"end":{"line":2,"column":62}},"1":{"start":{"line":3,"column":0},"end":{"line":3,"column":24}},"2":{"start":{"line":24,"column":8},"end":{"line":24,"column":30}},"3":{"start":{"line":25,"column":8},"end":{"line":25,"column":48}},"4":{"start":{"line":26,"column":8},"end":{"line":26,"column":36}},"5":{"start":{"line":32,"column":8},"end":{"line":32,"column":28}},"6":{"start":{"line":38,"column":8},"end":{"line":38,"column":30}},"7":{"start":{"line":44,"column":8},"end":{"line":44,"column":37}},"8":{"start":{"line":50,"column":8},"end":{"line":50,"column":48}},"9":{"start":{"line":56,"column":8},"end":{"line":56,"column":31}},"10":{"start":{"line":62,"column":8},"end":{"line":62,"column":36}},"11":{"start":{"line":65,"column":0},"end":{"line":65,"column":24}}},"fnMap":{"0":{"name":"(anonymous_0)","decl":{"start":{"line":23,"column":4},"end":{"line":23,"column":5}},"loc":{"start":{"line":23,"column":52},"end":{"line":27,"column":5}},"line":23},"1":{"name":"(anonymous_1)","decl":{"start":{"line":31,"column":4},"end":{"line":31,"column":5}},"loc":{"start":{"line":31,"column":17},"end":{"line":33,"column":5}},"line":31},"2":{"name":"(anonymous_2)","decl":{"start":{"line":37,"column":4},"end":{"line":37,"column":5}},"loc":{"start":{"line":37,"column":23},"end":{"line":39,"column":5}},"line":37},"3":{"name":"(anonymous_3)","decl":{"start":{"line":43,"column":4},"end":{"line":43,"column":5}},"loc":{"start":{"line":43,"column":26},"end":{"line":45,"column":5}},"line":43},"4":{"name":"(anonymous_4)","decl":{"start":{"line":49,"column":4},"end":{"line":49,"column":5}},"loc":{"start":{"line":49,"column":41},"end":{"line":51,"column":5}},"line":49},"5":{"name":"(anonymous_5)","decl":{"start":{"line":55,"column":4},"end":{"line":55,"column":5}},"loc":{"start":{"line":55,"column":20},"end":{"line":57,"column":5}},"line":55},"6":{"name":"(anonymous_6)","decl":{"start":{"line":61,"column":4},"end":{"line":61,"column":5}},"loc":{"start":{"line":61,"column":29},"end":{"line":63,"column":5}},"line":61}},"branchMap":{},"s":{"0":1,"1":1,"2":1,"3":1,"4":1,"5":2,"6":1,"7":2,"8":1,"9":2,"10":1,"11":1},"f":{"0":1,"1":2,"2":1,"3":2,"4":1,"5":2,"6":1},"b":{},"inputSourceMap":{"version":3,"file":"/home/usuario/ull-esit-inf-dsi-22-23-prct06-generics-solid-Eva-Martinez/src/ejercicio-3/clase-single.ts","sources":["/home/usuario/u
[...]
AQ;QACV,OAAO,IAAI,CAAC,SAAS,CAAC;IACxB,CAAC;IAED;;OAEG;IACH,IAAI,QAAQ,CAAC,QAAQ;QACnB,IAAI,CAAC,SAAS,GAAG,QAAQ,CAAC;IAC5B,CAAC;IAED;;OAEG;IACH,IAAI,MAAM;QACR,OAAO,IAAI,CAAC,OAAO,CAAC;IACtB,CAAC;IAED;;OAEG;IACH,IAAI,MAAM,CAAC,MAAM;QACf,IAAI,CAAC,OAAO,GAAG,MAAM,CAAC;IACxB,CAAC;IAED;;OAEG;IACH,IAAI,MAAM;QACR,OAAO,IAAI,CAAC,OAAO,CAAC;IACtB,CAAC;IAED;;OAEG;IACH,IAAI,MAAM,CAAC,MAAM;QACf,IAAI,CAAC,OAAO,GAAG,MAAM,CAAC;IACxB,CAAC;IAED;;OAEG;IACH,IAAI,qBAAqB;QACvB,OAAO,IAAI,CAAC,sBAAsB,CAAC;IACrC,CAAC;IAED;;OAEG;IACH,IAAI,qBAAqB,CAAC,qBAAqB;QAC7C,IAAI,CAAC,sBAAsB,GAAG,qBAAqB,CAAC;IACtD,CAAC;CACF;AA5FD,0BA4FC","sourcesContent":["/**\n * Clase **Cancion** que contiene diferentes atributos que describen la canción:\n * \n * - Nombre de la canción: *_nombre_cancion*\n * - Duración: *_duracion*\n * - Género: *_genero*\n * - Single: *_single*\n * - Numero de reproducciones: *_numero_reproducciones*\n * \n * Todos ellos tienen sus respectivos getters y setters.\n */\nexport class Cancion {\n  private _nombre_cancion: string;\n  private _duracion: number;\n  private _genero: string;\n  private _single: boolean;\n  private _numero_reproducciones: number;\n\n  /**\n   * Constructor de la clase **Cancion**.\n   * @param nombre_cancion Nombre de la canción.\n   * @param duracion Duración de la canción.\n   * @param genero Género de la canción.\n   * @param single Opción de si es single o no.\n   * @param numero_reproducciones Número de reproducciones de la canción.\n   */\n  constructor(nombre_cancion: string, duracion: number, genero: string, single: boolean, numero_reproducciones: number) {\n    this._nombre_cancion = nombre_cancion;\n    this._duracion = duracion;\n    this._genero = genero;\n    this._single = single;\n    this._numero_reproducciones = numero_reproducciones;\n  }\n\n  /**\n   * Getter del atributo privado **_nombre_cancion**.\n   */\n  get nombre_cancion() {\n    return this._nombre_cancion;\n  }\n\n  /**\n   * Setter del atributo privado **_nombre_cancion**.\n   */\n  set nombre_cancion(nombre_cancion) {\n    this._nombre_cancion = nombre_cancion; \n  }\n\n  /**\n   * Getter del atributo privado **_duracion**.\n   */\n  get duracion() {\n    return this._duracion;\n  }\n\n  /**\n   * Setter del atributo privado **_duracion**.\n   */\n  set duracion(duracion) {\n    this._duracion = duracion;\n  }\n\n  /**\n   * Getter del atributo privado **_genero**.\n   */\n  get genero() {\n    return this._genero;\n  }\n\n  /**\n   * Setter del atributo privado **_genero**.\n   */\n  set genero(genero) {\n    this._genero = genero;\n  }\n\n  /**\n   * Getter del atributo privado **_single**.\n   */\n  get single() {\n    return this._single;\n  }\n\n  /**\n   * Setter del atributo privado **_single**.\n   */\n  set single(single) {\n    this._single = single;\n  }\n\n  /**\n   * Getter del atributo privado **_numero_reproducciones**.\n   */\n  get numero_reproducciones() {\n    return this._numero_reproducciones;\n  }\n\n  /**\n   * Setter del atributo privado **_numero_reproducciones**.\n   */\n  set numero_reproducciones(numero_reproducciones) {\n    this._numero_reproducciones = numero_reproducciones;\n  }\n}\n  "]},"_coverageSchema":"1a1c01bbd47fc00a2c39e90264f33305004495a9","hash":"88abb967c80d85df49d2aeda7a40bbe4f789cd6d","contentHash":"0f384acb1e0d3692b573ecae6159c8ed89dc0a9e51aed35e94282b69da33d51f"},"/home/usuario/ull-esit-inf-dsi-22-23-prct06-generics-solid-Eva-Martinez/src/ejercicio-3/clase-discografia.ts":{"path":"/home/usuario/ull-esit-inf-dsi-22-23-prct06-generics-solid-Eva-Martinez/src/ejercicio-3/clase-discografia.ts","statementMap":{"0":{"start":{"line":2,"column":0},"end":{"line":2,"column":62}},"1":{"start":{"line":3,"column":0},"end":{"line":3,"column":29}},"2":{"start":{"line":14,"column":8},"end":{"line":14,"column":42}},"3":{"start":{"line":20,"column":8},"end":{"line":20,"column":34}},"4":{"start":{"line":26,"column":8},"end":{"line":26,"column":42}},"5":{"start":{"line":29,"column":0},"end":{"line":29,"column":34}}},"fnMap":{"0":{"name":"(anonymous_0)","decl":{"start":{"line":13,"column":4},"end":{"line":13,"column":5}},"loc":{"start":{"line":13,"column":30},"end":{"line":15,"column":5}},"line":13},"1":{"name":"(anonymous_1)","decl":{"start":{"line":19,"column":4},"end":{"line":19,"column":5}},"loc":{"start":{"line":19,"column":23},"end":{"line":21,"column":5}},"line":19},"2":{"name":"(anonymous_2)","decl":{"start":{"line":25,"column":4},"end":{"line":25,"column":5}},"loc":{"start":{"line":25,"column":35},"end":{"line":27,"column":5}},"line":25}},"branchMap":{},"s":{"0":1,"1":1,"2":2,"3":2,"4":1,"5":1},"f":{"0":2,"1":2,"2":1},"b":{},"inputSourceMap":{"version":3,"file":"/home/usuario/ull-esit-inf-dsi-22-23-prct06-generics-solid-Eva-Martinez/src/ejercicio-3/clase-discografia.ts","sources":["/home/usuario/ull-esit-inf-dsi-22-23-prct06-generics-solid-Eva-Martinez/src/ejercicio-3/clase-discografia.ts"],"names":[],"mappings":";;;AAMA;;GAEG;AACH,MAAa,WAAW;IACd,aAAa,CAAM;IAE3B;;;OAGG;IACH,YAAY,YAAiB;QAC3B,IAAI,CAAC,aAAa,GAAG,YAAY,CAAC;IACpC,CAAC;IACD;;OAEG;IACH,IAAI,YAAY;QACd,OAAO,IAAI,CAAC,aAAa,CAAC;IAC5B,CAAC;IACD;;OAEG;IACH,IAAI,YAAY,CAAC,YAAiB;QAChC,IAAI,CAAC,aAAa,GAAG,YAAY,CAAC;IACpC,CAAC;CACF;AAtBD,kCAsBC","sourcesContent":["/**\n * Imports de las clases **Disco** y **Single**.\n */\nimport { Disco } from \"./clase-disco\";\nimport { Single } from \"./clase-single\";\n\n/**\n * Clase genérica **Discografia** que contiene el conjunto de discos, singles o discos y singles.\n */\nexport class Discografia<T extends Disco | Single> {\n  private _discoOSingle: T[];\n\n  /**\n   * Constructor de la clase **discografia**.\n   * @param discoOSingle Discos  Singles a igualar.\n   */\n  constructor(discoOSingle: T[]) {\n    this._discoOSingle = discoOSingle;\n  }\n  /**\n   * Getter del atributo privado *_discografia*.\n   */\n  get discoOSingle() {\n    return this._discoOSingle;\n  }\n  /**\n   * Setter del atributo privado *_discografia*.\n   */\n  set discoOSingle(discoOSingle: T[]) {\n    this._discoOSingle = discoOSingle;\n  }\n}"]},"_coverageSchema":"1a1c01bbd47fc00a2c39e90264f33305004495a9","hash":"9485779f049a2d5b2312e0bc174e33424a5eb98c","contentHash":"4e370009308a9c622e5e280885de0bc1f0f0a32b80ec339bf94bfc2b442090a1"},"/home/usuario/ull-esit-inf-dsi-22-23-prct06-generics-solid-Eva-Martinez/src/modification/modification-numericsearchablecollection.ts":{"path":"/home/usuario/ull-esit-inf-dsi-22-23-prct06-generics-solid-Eva-Martinez/src/modification/modification-numericsearchablecollection.ts","statementMap":{"0":{"start":{"line":2,"column":0},"end":{"line":2,"column":62}},"1":{"start":{"line":3,"column":0},"end":{"line":3,"column":45}},"2":{"start":{"line":7,"column":44},"end":{"line":7,"column":90}},"3":{"start":{"line":15,"column":8},"end":{"line":15,"column":33}},"4":{"start":{"line":16,"column":8},"end":{"line":16,"column":51}},"5":{"start":{"line":24,"column":35},"end":{"line":24,"column":37}},"6":{"start":{"line":25,"column":8},"end":{"line":29,"column":9}},"7":{"start":{"line":25,"column":21},"end":{"line":25,"column":22}},"8":{"start":{"line":26,"column":12},"end":{"line":28,"column":13}},"9":{"start":{"line":27,"column":16},"end":{"line":27,"column":43}},"10":{"start":{"line":30,"column":8},"end":{"line":30,"column":34}},"11":{"start":{"line":33,"column":0},"end":{"line":33,"column":66}}},"fnMap":{"0":{"name":"(anonymous_0)","decl":{"start":{"line":14,"column":4},"end":{"line":14,"column":5}},"loc":{"start":{"line":14,"column":35},"end":{"line":17,"column":5}},"line":14},"1":{"name":"(anonymous_1)","decl":{"start":{"line":23,"column":4},"end":{"line":23,"column":5}},"loc":{"start":{"line":23,"column":17},"end":{"line":31,"column":5}},"line":23}},"branchMap":{"0":{"loc":{"start":{"line":26,"column":12},"end":{"line":28,"column":13}},"type":"if","locations":[{"start":{"line":26,"column":12},"end":{"line":28,"column":13}},{"start":{"line":26,"column":12},"end":{"line":28,"column":13}}],"line":26}},"s":{"0":1,"1":1,"2":1,"3":1,"4":1,"5":2,"6":2,"7":2,"8":18,"9":3,"10":2,"11":1},"f":{"0":1,"1":2},"b":{"0":[3,15]},"inputSourceMap":{"version":3,"file":"/home/usuario/ull-esit-inf-dsi-22-23-prct06-generics-solid-Eva-Martinez/src/modification/modification-numericsearchablecollection.ts","sources":["/home/usuario/ull-esit-inf-dsi-22-23-prct06-generics-solid-Eva-Martinez/src/modification/modification-numericsearchablecollection.ts"],"names":[],"mappings":";;;AAAA;;GAEG;AACH,2FAA2E;AAE3E;;;GAGG;AACH,MAAa,2BAA4B,SAAQ,wDAA4B;IACvD;IAApB,YAAoB,iBAA2B;QAC7C,KAAK,CAAC,iBAAiB,CAAC,CAAC;QADP,sBAAiB,GAAjB,iBAAiB,CAAU;IAE/C,CAAC;IAED;;;;OAIG;IACH,MAAM,CAAC,IAAY;QACjB,MAAM,kBAAkB,GAAa,EAAE,CAAC;QACxC,KAAK,IAAI,CAAC,GAAG,CAAC,EAAE,CAAC,GAAG,IAAI,CAAC,iBAAiB,CAAC,MAAM,EAAE,CAAC,EAAE,EAAE;YACtD,IAAI,IAAI,CAAC,iBAAiB,CAAC,CAAC,CAAC,KAAK,IAAI,EAAE;gBACtC,kBAAkB,CAAC,IAAI,CAAC,CAAC,CAAC,CAAC;aAC5B;SACF;QACD,OAAO,kBAAkB,CAAC;IAC5B,CAAC;CACF;AAnBD,kEAmBC","sourcesContent":["/**\n * Import de la clase abstracta genérica **SearchableCollection**.\n */\nimport { SearchableCollection } from \"./modification-searchablecollection\";\n\n/**\n * Subclase **NumericSearchableCollection** de la clase **SearchableCollection** que contiene el método *search*.\n * @method search -> Retorna un array con las posiciones en las que se encuentran coincidencias con el número *term* pasado por parámetro en la colección.\n */\nexport class NumericSearchableCollection extends SearchableCollection<number> {\n  constructor(private _numberCollection: number[]) {\n    super(_numberCollection);\n  }\n\n  /**\n   * Método que retorna un array con las posiciones en las que se encuentran coincidencias con el número *term* pasado por parámetro en la colección.\n   * @param term -> Número a buscar en la colección.\n   * @returns Array con las posiciones de las coincidencias encontradas.\n   */\n  search(term: number): number[] {\n    const numberCoincidences: number[] = [];\n    for (let i = 0; i < this._numberCollection.length; i++) {\n      if (this._numberCollection[i] === term) {\n        numberCoincidences.push(i);\n      }\n    }\n    return numberCoincidences;\n  }\n}"]},"_coverageSchema":"1a1c01bbd47fc00a2c39e90264f33305004495a9","hash":"7460321db63c669a3f1eb19ec8be0423ed8404a0","contentHash":"c254ad41e6021f019c3f30f1cdca82759245fa62c6f290c7a9135fc9cb72af1b"},"/home/usuario/ull-esit-inf-dsi-22-23-prct06-generics-solid-Eva-Martinez/src/modification/modification-searchablecollection.ts":{"path":"/home/usuario/ull-esit-inf-dsi-22-23-prct06-generics-solid-Eva-Martinez/src/modification/modification-searchablecollection.ts","statementMap":{"0":{"start":{"line":2,"column":0},"end":{"line":2,"column":62}},"1":{"start":{"line":3,"column":0},"end":{"line":3,"column":38}},"2":{"start":{"line":16,"column":8},"end":{"line":16,"column":29}},"3":{"start":{"line":23,"column":8},"end":{"line":23,"column":31}},"4":{"start":{"line":24,"column":8},"end":{"line":24,"column":27}},"5":{"start":{"line":32,"column":8},"end":{"line":37,"column":9}},"6":{"start":{"line":33,"column":12},"end":{"line":33,"column":44}},"7":{"start":{"line":36,"column":12},"end":{"line":36,"column":29}},"8":{"start":{"line":44,"column":8},"end":{"line":44,"column":50}},"9":{"start":{"line":51,"column":8},"end":{"line":51,"column":34}},"10":{"start":{"line":54,"column":0},"end":{"line":54,"column":52}}},"fnMap":{"0":{"name":"(anonymous_0)","decl":{"start":{"line":15,"column":4},"end":{"line":15,"column":5}},"loc":{"start":{"line":15,"column":24},"end":{"line":17,"column":5}},"line":15},"1":{"name":"(anonymous_1)","decl":{"start":{"line":22,"column":4},"end":{"line":22,"column":5}},"loc":{"start":{"line":22,"column":18},"end":{"line":25,"column":5}},"line":22},"2":{"name":"(anonymous_2)","decl":{"start":{"line":31,"column":4},"end":{"line":31,"column":5}},"loc":{"start":{"line":31,"column":25},"end":{"line":38,"column":5}},"line":31},"3":{"name":"(anonymous_3)","decl":{"start":{"line":43,"column":4},"end":{"line":43,"column":5}},"loc":{"start":{"line":43,"column":28},"end":{"line":45,"column":5}},"line":43},"4":{"name":"(anonymous_4)","decl":{"start":{"line":50,"column":4},"end":{"line":50,"column":5}},"loc":{"start":{"line":50,"column":23},"end":{"line":52,"column":5}},"line":50}},"branchMap":{"0":{"loc":{"start":{"line":32,"column":8},"end":{"line":37,"column":9}},"type":"if","locations":[{"start":{"line":32,"column":8},"end":{"line":37,"column":9}},{"start":{"line":32,"column":8},"end":{"line":37,"column":9}}],"line":32},"1":{"loc":{"start":{"line":32,"column":12},"end":{"line":32,"column":64}},"type":"binary-expr","locations":[{"start":{"line":32,"column":12},"end":{"line":32,"column":28}},{"start":{"line":32,"column":32},"end":{"line":32,"column":64}}],"line":32}},"s":{"0":1,"1":1,"2":2,"3":2,"4":2,"5":4,"6":2,"7":2,"8":2,"9":2,"10":1},"f":{"0":2,"1":2,"2":4,"3":2,"4":2},"b":{"0":[2,2],"1":[4,4]},"inputSourceMap":{"version":3,"file":"/home/usuario/ull-esit-inf-dsi-22-23-prct06-generics-solid-Eva-Martinez/src/modification/modification-searchablecollection.ts","sources":["/home/usuario/ull-esit-inf-dsi-22-23-prct06-generics-solid-Eva-Martinez/src/modification/modification-searchablecollection.ts"],"names":[],"mappings":";;;AAMA;;;;;;;;GAQG;AACH,MAAsB,oBAAoB;IACpB;IAApB,YAAoB,MAAW;QAAX,WAAM,GAAN,MAAM,CAAK;IAC/B,CAAC;IAED;;;OAGG;IACH,OAAO,CAAC,IAAO;QACb,IAAI,CAAC,MAAM,CAAC,IAAI,CAAC,IAAI,CAAC,CAAC;QACvB,OAAO,IAAI,CAAC,MAAM,CAAC;IACrB,CAAC;IAED;;;;OAIG;IACH,OAAO,CAAC,WAAmB;QACzB,IAAI,WAAW,IAAI,CAAC,IAAI,WAAW,GAAG,IAAI,CAAC,MAAM,CAAC,MAAM,EAAE;YACxD,OAAO,IAAI,CAAC,MAAM,CAAC,WAAW,CAAC,CAAC;SACjC;aAAM;YACL,OAAO,SAAS,CAAC;SAClB;IACH,CAAC;IAED;;;OAGG;IACH,UAAU,CAAC,WAAmB;QAC5B,OAAO,IAAI,CAAC,MAAM,CAAC,MAAM,CAAC,WAAW,EAAE,CAAC,CAAC,CAAC;IAC5C,CAAC;IAED;;;OAGG;IACH,gBAAgB;QACd,OAAO,IAAI,CAAC,MAAM,CAAC,MAAM,CAAC;IAC5B,CAAC;CAIF;AA5CD,oDA4CC","sourcesContent":["/**\n * Imports de las interfaces genéricas **Collectable** y **Searchable**.\n */\nimport { Collectable } from \"./modification-collectable\";\nimport { Searchable } from \"./modification-searchable\";\n\n/**\n * Clase abstracta genérica **SearchableCollection** que implementa las interfaces genéricas **Collectable** y **Searchable** con sus respectivos métodos:\n * @private _items -> Array de los elementos genéricos.\n * @method addItem -> Añade un item.\n * @method getItem -> Retorna un item.\n * @method removeItem -> Elimina un item.\n * @method getNumberOfItems -> Retorna el número de items.\n * @method search -> Busca un item.\n */\nexport abstract class SearchableCollection<T> implements Collectable<T>, Searchable<T> {\n  constructor(private _items: T[]) {\n  }\n\n  /**\n   * Método que añade un item al atributo *_items*.\n   * @param item -> Item a añadir.\n   */\n  addItem(item: T): T[] {\n    this._items.push(item);\n    return this._items;\n  }\n\n  /**\n   * Método retorna un item del atributo *_items* según la posición en el mismo *indexOfItem*.\n   * @param indexOfItem -> Índice del item en el array.\n   * @returns -> Item obtenido según su índice.\n   */\n  getItem(indexOfItem: number): T | undefined {\n    if (indexOfItem >= 0 && indexOfItem < this._items.length) {\n      return this._items[indexOfItem];\n    } else {\n      return undefined;\n    }\n  }\n\n  /**\n   * Método que elimina del atributo *_items* un item según su posición *indexOfItem*.\n   * @param indexOfItem -> Índice del item en el array.\n   */\n  removeItem(indexOfItem: number): T[] {\n    return this._items.splice(indexOfItem, 1);\n  }\n\n  /**\n   * Método que retorna el número de items en el atributo *_items*.\n   * @returns -> Número de items en el array.\n   */\n  getNumberOfItems() {\n    return this._items.length;\n  }\n\n  // Método de la interfaz genérica Searchable\n  abstract search(term: T): T[]\n}"]},"_coverageSchema":"1a1c01bbd47fc00a2c39e90264f33305004495a9","hash":"c4ea62e5e0ac9d9a72ba269a5e48414bb7e67654","contentHash":"014186bcdff7ea11078cd7fb1ea2ed6141d332af6d78c5e5f3935614b8007533"},"/home/usuario/ull-esit-inf-dsi-22-23-prct06-generics-solid-Eva-Martinez/src/modification/modification-stringsearchablecollection.ts":{"path":"/home/usuario/ull-esit-inf-dsi-22-23-prct06-generics-solid-Eva-Martinez/src/modification/modification-stringsearchablecollection.ts","statementMap":{"0":{"start":{"line":2,"column":0},"end":{"line":2,"column":62}},"1":{"start":{"line":3,"column":0},"end":{"line":3,"column":44}},"2":{"start":{"line":7,"column":44},"end":{"line":7,"column":90}},"3":{"start":{"line":15,"column":8},"end":{"line":15,"column":33}},"4":{"start":{"line":16,"column":8},"end":{"line":16,"column":51}},"5":{"start":{"line":24,"column":35},"end":{"line":24,"column":37}},"6":{"start":{"line":25,"column":8},"end":{"line":29,"column":9}},"7":{"start":{"line":25,"column":21},"end":{"line":25,"column":22}},"8":{"start":{"line":26,"column":12},"end":{"line":28,"column":13}},"9":{"start":{"line":27,"column":16},"end":{"line":27,"column":46}},"10":{"start":{"line":30,"column":8},"end":{"line":30,"column":34}},"11":{"start":{"line":33,"column":0},"end":{"line":33,"column":64}}},"fnMap":{"0":{"name":"(anonymous_0)","decl":{"start":{"line":14,"column":4},"end":{"line":14,"column":5}},"loc":{"start":{"line":14,"column":35},"end":{"line":17,"column":5}},"line":14},"1":{"name":"(anonymous_1)","decl":{"start":{"line":23,"column":4},"end":{"line":23,"column":5}},"loc":{"start":{"line":23,"column":17},"end":{"line":31,"column":5}},"line":23}},"branchMap":{"0":{"loc":{"start":{"line":26,"column":12},"end":{"line":28,"column":13}},"type":"if","locations":[{"start":{"line":26,"column":12},"end":{"line":28,"column":13}},{"start":{"line":26,"column":12},"end":{"line":28,"column":13}}],"line":26}},"s":{"0":1,"1":1,"2":1,"3":1,"4":1,"5":2,"6":2,"7":2,"8":10,"9":3,"10":2,"11":1},"f":{"0":1,"1":2},"b":{"0":[3,7]},"inputSourceMap":{"version":3,"file":"/home/usuario/ull-esit-inf-dsi-22-23-prct06-generics-solid-Eva-Martinez/src/modification/modification-stringsearchablecollection.ts","sources":["/home/usuario/ull-esit-inf-dsi-22-23-prct06-generics-solid-Eva-Martinez/src/modification/modification-stringsearchablecollection.ts"],"names":[],"mappings":";;;AAAA;;GAEG;AACH,2FAA2E;AAE3E;;;GAGG;AACH,MAAa,0BAA2B,SAAQ,wDAA4B;IACtD;IAApB,YAAoB,iBAA2B;QAC7C,KAAK,CAAC,iBAAiB,CAAC,CAAC;QADP,sBAAiB,GAAjB,iBAAiB,CAAU;IAE/C,CAAC;IAED;;;;OAIG;IACH,MAAM,CAAC,IAAY;QACjB,MAAM,kBAAkB,GAAa,EAAE,CAAC;QACxC,KAAK,IAAI,CAAC,GAAG,CAAC,EAAE,CAAC,GAAG,IAAI,CAAC,iBAAiB,CAAC,MAAM,EAAE,CAAC,EAAE,EAAE;YACtD,IAAI,IAAI,CAAC,iBAAiB,CAAC,CAAC,CAAC,KAAK,IAAI,EAAE;gBACtC,kBAAkB,CAAC,IAAI,CAAC,IAAI,CAAC,CAAA;aAC9B;SACF;QACD,OAAO,kBAAkB,CAAC;IAC5B,CAAC;CACF;AAnBD,gEAmBC","sourcesContent":["/**\n * Import de la clase abstracta genérica **SearchableCollection**.\n */\nimport { SearchableCollection } from \"./modification-searchablecollection\";\n\n/**\n * Subclase **StringSearchableCollection** de la clase **SearchableCollection** que contiene el método *search*.\n * @method search -> Retorna un array con las cadenas en las que se encuentran coincidencias con la cadena *term* pasada por parámetro en la colección.\n */\nexport class StringSearchableCollection extends SearchableCollection<string> {\n  constructor(private _stringCollection: string[]) {\n    super(_stringCollection);\n  }\n\n  /**\n   * Método que retorna un array con las cadenas en las que se encuentran coincidencias con la cadena *term* pasada por parámetro en la colección.\n   * @param term -> Cadena a buscar en la colección.\n   * @returns Array con las coincidencias encontradas.\n   */\n  search(term: string): string[] {\n    const stringCoincidences: string[] = [];\n    for (let i = 0; i < this._stringCollection.length; i++) {\n      if (this._stringCollection[i] === term) {\n        stringCoincidences.push(term)\n      }\n    }\n    return stringCoincidences;\n  }\n}"]},"_coverageSchema":"1a1c01bbd47fc00a2c39e90264f33305004495a9","hash":"181b42b751f35ba05342e8dc1e29329bd0c120d7","contentHash":"038e7dec2522b413f4ee7e1f125f47f4ed74840724ec41e6fc2e84e67712e4e4"}}